
**** Build of configuration Debug for project Lab04 ****

"D:\\ti\\ccs1010\\ccs\\utils\\bin\\gmake" -k -j 6 all -O 
 
Building file: "../main.c"
Invoking: MSP430 Compiler
"D:/ti/ccs1010/ccs/tools/compiler/ti-cgt-msp430_20.2.2.LTS/bin/cl430" -vmspx --data_model=restricted --use_hw_mpy=F5 --include_path="D:/ti/ccs1010/ccs/ccs_base/msp430/include" --include_path="C:/Users/Noah/Desktop/Embedded Systems/Lab04/Lab04" --include_path="D:/ti/ccs1010/ccs/tools/compiler/ti-cgt-msp430_20.2.2.LTS/include" --advice:power=all --advice:hw_config=all --define=__MSP430FR6989__ --define=_MPU_ENABLE -g --printf_support=minimal --diag_warning=225 --diag_wrap=off --display_error_number --silicon_errata=CPU21 --silicon_errata=CPU22 --silicon_errata=CPU40 --preproc_with_compile --preproc_dependency="main.d_raw"  "../main.c"
 
>> Compilation failure
subdir_rules.mk:9: recipe for target 'main.obj' failed
"../main.c", line 45: error #658-D: the modifier "interrupt" is not allowed on this declaration
"../main.c", line 44: warning #1111-D: pragma vector can only be applied to a function definition, not "T0A1_ISR90" (declared at line 45)
"../main.c", line 45: error #71: incomplete type is not allowed
"../main.c", line 45: error #66: expected a ";"
At end of source: warning #12-D: parsing restarts here after previous syntax error
3 errors detected in the compilation of "../main.c".
gmake: *** [main.obj] Error 1
gmake: Target 'all' not remade because of errors.

**** Build Finished ****

**** Build of configuration Debug for project Lab04 ****

"D:\\ti\\ccs1010\\ccs\\utils\\bin\\gmake" -k -j 6 all -O 
 
Building file: "../main.c"
Invoking: MSP430 Compiler
"D:/ti/ccs1010/ccs/tools/compiler/ti-cgt-msp430_20.2.2.LTS/bin/cl430" -vmspx --data_model=restricted --use_hw_mpy=F5 --include_path="D:/ti/ccs1010/ccs/ccs_base/msp430/include" --include_path="C:/Users/Noah/Desktop/Embedded Systems/Lab04/Lab04" --include_path="D:/ti/ccs1010/ccs/tools/compiler/ti-cgt-msp430_20.2.2.LTS/include" --advice:power=all --advice:hw_config=all --define=__MSP430FR6989__ --define=_MPU_ENABLE -g --printf_support=minimal --diag_warning=225 --diag_wrap=off --display_error_number --silicon_errata=CPU21 --silicon_errata=CPU22 --silicon_errata=CPU40 --preproc_with_compile --preproc_dependency="main.d_raw"  "../main.c"
Finished building: "../main.c"
 
Building target: "Lab04.out"
Invoking: MSP430 Linker
"D:/ti/ccs1010/ccs/tools/compiler/ti-cgt-msp430_20.2.2.LTS/bin/cl430" -vmspx --data_model=restricted --use_hw_mpy=F5 --advice:power=all --advice:hw_config=all --define=__MSP430FR6989__ --define=_MPU_ENABLE -g --printf_support=minimal --diag_warning=225 --diag_wrap=off --display_error_number --silicon_errata=CPU21 --silicon_errata=CPU22 --silicon_errata=CPU40 -z -m"Lab04.map" --heap_size=160 --stack_size=160 --cinit_hold_wdt=on -i"D:/ti/ccs1010/ccs/ccs_base/msp430/include" -i"D:/ti/ccs1010/ccs/ccs_base/msp430/lib/5xx_6xx_FRxx" -i"D:/ti/ccs1010/ccs/ccs_base/msp430/lib/FR59xx" -i"D:/ti/ccs1010/ccs/tools/compiler/ti-cgt-msp430_20.2.2.LTS/lib" -i"D:/ti/ccs1010/ccs/tools/compiler/ti-cgt-msp430_20.2.2.LTS/include" --priority --reread_libs --define=_MPU_ENABLE --diag_wrap=off --display_error_number --warn_sections --xml_link_info="Lab04_linkInfo.xml" --use_hw_mpy=F5 --rom_model -o "Lab04.out" "./main.obj" "../lnk_msp430fr6989.cmd"  -llibmpu_init.a -llibmath.a -llibc.a 
<Linking>
remark #10371-D: (ULP 1.1) Detected no uses of low power mode state changing instructions
remark #10372-D: (ULP 4.1) Detected uninitialized Port A in this project. Recommend initializing all unused ports to eliminate wasted current consumption on unused pins.
remark #10372-D: (ULP 4.1) Detected uninitialized Port B in this project. Recommend initializing all unused ports to eliminate wasted current consumption on unused pins.
remark #10372-D: (ULP 4.1) Detected uninitialized Port C in this project. Recommend initializing all unused ports to eliminate wasted current consumption on unused pins.
remark #10372-D: (ULP 4.1) Detected uninitialized Port D in this project. Recommend initializing all unused ports to eliminate wasted current consumption on unused pins.
remark #10372-D: (ULP 4.1) Detected uninitialized Port E in this project. Recommend initializing all unused ports to eliminate wasted current consumption on unused pins.
Finished building target: "Lab04.out"
 

**** Build Finished ****

**** Build of configuration Debug for project Lab04 ****

"D:\\ti\\ccs1010\\ccs\\utils\\bin\\gmake" -k -j 6 all -O 
 
Building file: "../main.c"
Invoking: MSP430 Compiler
"D:/ti/ccs1010/ccs/tools/compiler/ti-cgt-msp430_20.2.2.LTS/bin/cl430" -vmspx --data_model=restricted --use_hw_mpy=F5 --include_path="D:/ti/ccs1010/ccs/ccs_base/msp430/include" --include_path="C:/Users/Noah/Desktop/Embedded Systems/Lab04/Lab04" --include_path="D:/ti/ccs1010/ccs/tools/compiler/ti-cgt-msp430_20.2.2.LTS/include" --advice:power=all --advice:hw_config=all --define=__MSP430FR6989__ --define=_MPU_ENABLE -g --printf_support=minimal --diag_warning=225 --diag_wrap=off --display_error_number --silicon_errata=CPU21 --silicon_errata=CPU22 --silicon_errata=CPU40 --preproc_with_compile --preproc_dependency="main.d_raw"  "../main.c"
Finished building: "../main.c"
 
Building target: "Lab04.out"
Invoking: MSP430 Linker
"D:/ti/ccs1010/ccs/tools/compiler/ti-cgt-msp430_20.2.2.LTS/bin/cl430" -vmspx --data_model=restricted --use_hw_mpy=F5 --advice:power=all --advice:hw_config=all --define=__MSP430FR6989__ --define=_MPU_ENABLE -g --printf_support=minimal --diag_warning=225 --diag_wrap=off --display_error_number --silicon_errata=CPU21 --silicon_errata=CPU22 --silicon_errata=CPU40 -z -m"Lab04.map" --heap_size=160 --stack_size=160 --cinit_hold_wdt=on -i"D:/ti/ccs1010/ccs/ccs_base/msp430/include" -i"D:/ti/ccs1010/ccs/ccs_base/msp430/lib/5xx_6xx_FRxx" -i"D:/ti/ccs1010/ccs/ccs_base/msp430/lib/FR59xx" -i"D:/ti/ccs1010/ccs/tools/compiler/ti-cgt-msp430_20.2.2.LTS/lib" -i"D:/ti/ccs1010/ccs/tools/compiler/ti-cgt-msp430_20.2.2.LTS/include" --priority --reread_libs --define=_MPU_ENABLE --diag_wrap=off --display_error_number --warn_sections --xml_link_info="Lab04_linkInfo.xml" --use_hw_mpy=F5 --rom_model -o "Lab04.out" "./main.obj" "../lnk_msp430fr6989.cmd"  -llibmpu_init.a -llibmath.a -llibc.a 
<Linking>
remark #10371-D: (ULP 1.1) Detected no uses of low power mode state changing instructions
remark #10372-D: (ULP 4.1) Detected uninitialized Port A in this project. Recommend initializing all unused ports to eliminate wasted current consumption on unused pins.
remark #10372-D: (ULP 4.1) Detected uninitialized Port B in this project. Recommend initializing all unused ports to eliminate wasted current consumption on unused pins.
remark #10372-D: (ULP 4.1) Detected uninitialized Port C in this project. Recommend initializing all unused ports to eliminate wasted current consumption on unused pins.
remark #10372-D: (ULP 4.1) Detected uninitialized Port D in this project. Recommend initializing all unused ports to eliminate wasted current consumption on unused pins.
remark #10372-D: (ULP 4.1) Detected uninitialized Port E in this project. Recommend initializing all unused ports to eliminate wasted current consumption on unused pins.
Finished building target: "Lab04.out"
 

**** Build Finished ****

**** Build of configuration Debug for project Lab04 ****

"D:\\ti\\ccs1010\\ccs\\utils\\bin\\gmake" -k -j 6 all -O 
 
Building file: "../main.c"
Invoking: MSP430 Compiler
"D:/ti/ccs1010/ccs/tools/compiler/ti-cgt-msp430_20.2.2.LTS/bin/cl430" -vmspx --data_model=restricted --use_hw_mpy=F5 --include_path="D:/ti/ccs1010/ccs/ccs_base/msp430/include" --include_path="C:/Users/Noah/Desktop/Embedded Systems/Lab04/Lab04" --include_path="D:/ti/ccs1010/ccs/tools/compiler/ti-cgt-msp430_20.2.2.LTS/include" --advice:power=all --advice:hw_config=all --define=__MSP430FR6989__ --define=_MPU_ENABLE -g --printf_support=minimal --diag_warning=225 --diag_wrap=off --display_error_number --silicon_errata=CPU21 --silicon_errata=CPU22 --silicon_errata=CPU40 --preproc_with_compile --preproc_dependency="main.d_raw"  "../main.c"
Finished building: "../main.c"
 
Building target: "Lab04.out"
Invoking: MSP430 Linker
"D:/ti/ccs1010/ccs/tools/compiler/ti-cgt-msp430_20.2.2.LTS/bin/cl430" -vmspx --data_model=restricted --use_hw_mpy=F5 --advice:power=all --advice:hw_config=all --define=__MSP430FR6989__ --define=_MPU_ENABLE -g --printf_support=minimal --diag_warning=225 --diag_wrap=off --display_error_number --silicon_errata=CPU21 --silicon_errata=CPU22 --silicon_errata=CPU40 -z -m"Lab04.map" --heap_size=160 --stack_size=160 --cinit_hold_wdt=on -i"D:/ti/ccs1010/ccs/ccs_base/msp430/include" -i"D:/ti/ccs1010/ccs/ccs_base/msp430/lib/5xx_6xx_FRxx" -i"D:/ti/ccs1010/ccs/ccs_base/msp430/lib/FR59xx" -i"D:/ti/ccs1010/ccs/tools/compiler/ti-cgt-msp430_20.2.2.LTS/lib" -i"D:/ti/ccs1010/ccs/tools/compiler/ti-cgt-msp430_20.2.2.LTS/include" --priority --reread_libs --define=_MPU_ENABLE --diag_wrap=off --display_error_number --warn_sections --xml_link_info="Lab04_linkInfo.xml" --use_hw_mpy=F5 --rom_model -o "Lab04.out" "./main.obj" "../lnk_msp430fr6989.cmd"  -llibmpu_init.a -llibmath.a -llibc.a 
<Linking>
remark #10371-D: (ULP 1.1) Detected no uses of low power mode state changing instructions
remark #10372-D: (ULP 4.1) Detected uninitialized Port A in this project. Recommend initializing all unused ports to eliminate wasted current consumption on unused pins.
remark #10372-D: (ULP 4.1) Detected uninitialized Port B in this project. Recommend initializing all unused ports to eliminate wasted current consumption on unused pins.
remark #10372-D: (ULP 4.1) Detected uninitialized Port C in this project. Recommend initializing all unused ports to eliminate wasted current consumption on unused pins.
remark #10372-D: (ULP 4.1) Detected uninitialized Port D in this project. Recommend initializing all unused ports to eliminate wasted current consumption on unused pins.
remark #10372-D: (ULP 4.1) Detected uninitialized Port E in this project. Recommend initializing all unused ports to eliminate wasted current consumption on unused pins.
Finished building target: "Lab04.out"
 

**** Build Finished ****

**** Build of configuration Debug for project Lab04 ****

"D:\\ti\\ccs1010\\ccs\\utils\\bin\\gmake" -k -j 6 all -O 
 
Building file: "../main.c"
Invoking: MSP430 Compiler
"D:/ti/ccs1010/ccs/tools/compiler/ti-cgt-msp430_20.2.2.LTS/bin/cl430" -vmspx --data_model=restricted --use_hw_mpy=F5 --include_path="D:/ti/ccs1010/ccs/ccs_base/msp430/include" --include_path="C:/Users/Noah/Desktop/Embedded Systems/Lab04/Lab04" --include_path="D:/ti/ccs1010/ccs/tools/compiler/ti-cgt-msp430_20.2.2.LTS/include" --advice:power=all --advice:hw_config=all --define=__MSP430FR6989__ --define=_MPU_ENABLE -g --printf_support=minimal --diag_warning=225 --diag_wrap=off --display_error_number --silicon_errata=CPU21 --silicon_errata=CPU22 --silicon_errata=CPU40 --preproc_with_compile --preproc_dependency="main.d_raw"  "../main.c"
Finished building: "../main.c"
 
Building target: "Lab04.out"
Invoking: MSP430 Linker
"D:/ti/ccs1010/ccs/tools/compiler/ti-cgt-msp430_20.2.2.LTS/bin/cl430" -vmspx --data_model=restricted --use_hw_mpy=F5 --advice:power=all --advice:hw_config=all --define=__MSP430FR6989__ --define=_MPU_ENABLE -g --printf_support=minimal --diag_warning=225 --diag_wrap=off --display_error_number --silicon_errata=CPU21 --silicon_errata=CPU22 --silicon_errata=CPU40 -z -m"Lab04.map" --heap_size=160 --stack_size=160 --cinit_hold_wdt=on -i"D:/ti/ccs1010/ccs/ccs_base/msp430/include" -i"D:/ti/ccs1010/ccs/ccs_base/msp430/lib/5xx_6xx_FRxx" -i"D:/ti/ccs1010/ccs/ccs_base/msp430/lib/FR59xx" -i"D:/ti/ccs1010/ccs/tools/compiler/ti-cgt-msp430_20.2.2.LTS/lib" -i"D:/ti/ccs1010/ccs/tools/compiler/ti-cgt-msp430_20.2.2.LTS/include" --priority --reread_libs --define=_MPU_ENABLE --diag_wrap=off --display_error_number --warn_sections --xml_link_info="Lab04_linkInfo.xml" --use_hw_mpy=F5 --rom_model -o "Lab04.out" "./main.obj" "../lnk_msp430fr6989.cmd"  -llibmpu_init.a -llibmath.a -llibc.a 
<Linking>
remark #10371-D: (ULP 1.1) Detected no uses of low power mode state changing instructions
remark #10372-D: (ULP 4.1) Detected uninitialized Port A in this project. Recommend initializing all unused ports to eliminate wasted current consumption on unused pins.
remark #10372-D: (ULP 4.1) Detected uninitialized Port B in this project. Recommend initializing all unused ports to eliminate wasted current consumption on unused pins.
remark #10372-D: (ULP 4.1) Detected uninitialized Port C in this project. Recommend initializing all unused ports to eliminate wasted current consumption on unused pins.
remark #10372-D: (ULP 4.1) Detected uninitialized Port D in this project. Recommend initializing all unused ports to eliminate wasted current consumption on unused pins.
remark #10372-D: (ULP 4.1) Detected uninitialized Port E in this project. Recommend initializing all unused ports to eliminate wasted current consumption on unused pins.
Finished building target: "Lab04.out"
 

**** Build Finished ****

**** Build of configuration Debug for project Lab04 ****

"D:\\ti\\ccs1010\\ccs\\utils\\bin\\gmake" -k -j 6 all -O 
 
Building file: "../main.c"
Invoking: MSP430 Compiler
"D:/ti/ccs1010/ccs/tools/compiler/ti-cgt-msp430_20.2.2.LTS/bin/cl430" -vmspx --data_model=restricted --use_hw_mpy=F5 --include_path="D:/ti/ccs1010/ccs/ccs_base/msp430/include" --include_path="C:/Users/Noah/Desktop/Embedded Systems/Lab04/Lab04" --include_path="D:/ti/ccs1010/ccs/tools/compiler/ti-cgt-msp430_20.2.2.LTS/include" --advice:power=all --advice:hw_config=all --define=__MSP430FR6989__ --define=_MPU_ENABLE -g --printf_support=minimal --diag_warning=225 --diag_wrap=off --display_error_number --silicon_errata=CPU21 --silicon_errata=CPU22 --silicon_errata=CPU40 --preproc_with_compile --preproc_dependency="main.d_raw"  "../main.c"
Finished building: "../main.c"
 
Building target: "Lab04.out"
Invoking: MSP430 Linker
"D:/ti/ccs1010/ccs/tools/compiler/ti-cgt-msp430_20.2.2.LTS/bin/cl430" -vmspx --data_model=restricted --use_hw_mpy=F5 --advice:power=all --advice:hw_config=all --define=__MSP430FR6989__ --define=_MPU_ENABLE -g --printf_support=minimal --diag_warning=225 --diag_wrap=off --display_error_number --silicon_errata=CPU21 --silicon_errata=CPU22 --silicon_errata=CPU40 -z -m"Lab04.map" --heap_size=160 --stack_size=160 --cinit_hold_wdt=on -i"D:/ti/ccs1010/ccs/ccs_base/msp430/include" -i"D:/ti/ccs1010/ccs/ccs_base/msp430/lib/5xx_6xx_FRxx" -i"D:/ti/ccs1010/ccs/ccs_base/msp430/lib/FR59xx" -i"D:/ti/ccs1010/ccs/tools/compiler/ti-cgt-msp430_20.2.2.LTS/lib" -i"D:/ti/ccs1010/ccs/tools/compiler/ti-cgt-msp430_20.2.2.LTS/include" --priority --reread_libs --define=_MPU_ENABLE --diag_wrap=off --display_error_number --warn_sections --xml_link_info="Lab04_linkInfo.xml" --use_hw_mpy=F5 --rom_model -o "Lab04.out" "./main.obj" "../lnk_msp430fr6989.cmd"  -llibmpu_init.a -llibmath.a -llibc.a 
<Linking>
remark #10371-D: (ULP 1.1) Detected no uses of low power mode state changing instructions
remark #10372-D: (ULP 4.1) Detected uninitialized Port A in this project. Recommend initializing all unused ports to eliminate wasted current consumption on unused pins.
remark #10372-D: (ULP 4.1) Detected uninitialized Port B in this project. Recommend initializing all unused ports to eliminate wasted current consumption on unused pins.
remark #10372-D: (ULP 4.1) Detected uninitialized Port C in this project. Recommend initializing all unused ports to eliminate wasted current consumption on unused pins.
remark #10372-D: (ULP 4.1) Detected uninitialized Port D in this project. Recommend initializing all unused ports to eliminate wasted current consumption on unused pins.
remark #10372-D: (ULP 4.1) Detected uninitialized Port E in this project. Recommend initializing all unused ports to eliminate wasted current consumption on unused pins.
Finished building target: "Lab04.out"
 

**** Build Finished ****

**** Build of configuration Debug for project Lab04 ****

"D:\\ti\\ccs1010\\ccs\\utils\\bin\\gmake" -k -j 6 all -O 
 
Building file: "../main.c"
Invoking: MSP430 Compiler
"D:/ti/ccs1010/ccs/tools/compiler/ti-cgt-msp430_20.2.2.LTS/bin/cl430" -vmspx --data_model=restricted --use_hw_mpy=F5 --include_path="D:/ti/ccs1010/ccs/ccs_base/msp430/include" --include_path="C:/Users/Noah/Desktop/Embedded Systems/Lab04/Lab04" --include_path="D:/ti/ccs1010/ccs/tools/compiler/ti-cgt-msp430_20.2.2.LTS/include" --advice:power=all --advice:hw_config=all --define=__MSP430FR6989__ --define=_MPU_ENABLE -g --printf_support=minimal --diag_warning=225 --diag_wrap=off --display_error_number --silicon_errata=CPU21 --silicon_errata=CPU22 --silicon_errata=CPU40 --preproc_with_compile --preproc_dependency="main.d_raw"  "../main.c"
Finished building: "../main.c"
 
Building target: "Lab04.out"
Invoking: MSP430 Linker
"D:/ti/ccs1010/ccs/tools/compiler/ti-cgt-msp430_20.2.2.LTS/bin/cl430" -vmspx --data_model=restricted --use_hw_mpy=F5 --advice:power=all --advice:hw_config=all --define=__MSP430FR6989__ --define=_MPU_ENABLE -g --printf_support=minimal --diag_warning=225 --diag_wrap=off --display_error_number --silicon_errata=CPU21 --silicon_errata=CPU22 --silicon_errata=CPU40 -z -m"Lab04.map" --heap_size=160 --stack_size=160 --cinit_hold_wdt=on -i"D:/ti/ccs1010/ccs/ccs_base/msp430/include" -i"D:/ti/ccs1010/ccs/ccs_base/msp430/lib/5xx_6xx_FRxx" -i"D:/ti/ccs1010/ccs/ccs_base/msp430/lib/FR59xx" -i"D:/ti/ccs1010/ccs/tools/compiler/ti-cgt-msp430_20.2.2.LTS/lib" -i"D:/ti/ccs1010/ccs/tools/compiler/ti-cgt-msp430_20.2.2.LTS/include" --priority --reread_libs --define=_MPU_ENABLE --diag_wrap=off --display_error_number --warn_sections --xml_link_info="Lab04_linkInfo.xml" --use_hw_mpy=F5 --rom_model -o "Lab04.out" "./main.obj" "../lnk_msp430fr6989.cmd"  -llibmpu_init.a -llibmath.a -llibc.a 
<Linking>
remark #10371-D: (ULP 1.1) Detected no uses of low power mode state changing instructions
remark #10372-D: (ULP 4.1) Detected uninitialized Port A in this project. Recommend initializing all unused ports to eliminate wasted current consumption on unused pins.
remark #10372-D: (ULP 4.1) Detected uninitialized Port B in this project. Recommend initializing all unused ports to eliminate wasted current consumption on unused pins.
remark #10372-D: (ULP 4.1) Detected uninitialized Port C in this project. Recommend initializing all unused ports to eliminate wasted current consumption on unused pins.
remark #10372-D: (ULP 4.1) Detected uninitialized Port D in this project. Recommend initializing all unused ports to eliminate wasted current consumption on unused pins.
remark #10372-D: (ULP 4.1) Detected uninitialized Port E in this project. Recommend initializing all unused ports to eliminate wasted current consumption on unused pins.
Finished building target: "Lab04.out"
 

**** Build Finished ****

**** Build of configuration Debug for project Lab04 ****

"D:\\ti\\ccs1010\\ccs\\utils\\bin\\gmake" -k -j 6 all -O 
 
Building file: "../main.c"
Invoking: MSP430 Compiler
"D:/ti/ccs1010/ccs/tools/compiler/ti-cgt-msp430_20.2.2.LTS/bin/cl430" -vmspx --data_model=restricted --use_hw_mpy=F5 --include_path="D:/ti/ccs1010/ccs/ccs_base/msp430/include" --include_path="C:/Users/Noah/Desktop/Embedded Systems/Lab04/Lab04" --include_path="D:/ti/ccs1010/ccs/tools/compiler/ti-cgt-msp430_20.2.2.LTS/include" --advice:power=all --advice:hw_config=all --define=__MSP430FR6989__ --define=_MPU_ENABLE -g --printf_support=minimal --diag_warning=225 --diag_wrap=off --display_error_number --silicon_errata=CPU21 --silicon_errata=CPU22 --silicon_errata=CPU40 --preproc_with_compile --preproc_dependency="main.d_raw"  "../main.c"
Finished building: "../main.c"
 
Building target: "Lab04.out"
Invoking: MSP430 Linker
"D:/ti/ccs1010/ccs/tools/compiler/ti-cgt-msp430_20.2.2.LTS/bin/cl430" -vmspx --data_model=restricted --use_hw_mpy=F5 --advice:power=all --advice:hw_config=all --define=__MSP430FR6989__ --define=_MPU_ENABLE -g --printf_support=minimal --diag_warning=225 --diag_wrap=off --display_error_number --silicon_errata=CPU21 --silicon_errata=CPU22 --silicon_errata=CPU40 -z -m"Lab04.map" --heap_size=160 --stack_size=160 --cinit_hold_wdt=on -i"D:/ti/ccs1010/ccs/ccs_base/msp430/include" -i"D:/ti/ccs1010/ccs/ccs_base/msp430/lib/5xx_6xx_FRxx" -i"D:/ti/ccs1010/ccs/ccs_base/msp430/lib/FR59xx" -i"D:/ti/ccs1010/ccs/tools/compiler/ti-cgt-msp430_20.2.2.LTS/lib" -i"D:/ti/ccs1010/ccs/tools/compiler/ti-cgt-msp430_20.2.2.LTS/include" --priority --reread_libs --define=_MPU_ENABLE --diag_wrap=off --display_error_number --warn_sections --xml_link_info="Lab04_linkInfo.xml" --use_hw_mpy=F5 --rom_model -o "Lab04.out" "./main.obj" "../lnk_msp430fr6989.cmd"  -llibmpu_init.a -llibmath.a -llibc.a 
<Linking>
remark #10371-D: (ULP 1.1) Detected no uses of low power mode state changing instructions
remark #10372-D: (ULP 4.1) Detected uninitialized Port A in this project. Recommend initializing all unused ports to eliminate wasted current consumption on unused pins.
remark #10372-D: (ULP 4.1) Detected uninitialized Port B in this project. Recommend initializing all unused ports to eliminate wasted current consumption on unused pins.
remark #10372-D: (ULP 4.1) Detected uninitialized Port C in this project. Recommend initializing all unused ports to eliminate wasted current consumption on unused pins.
remark #10372-D: (ULP 4.1) Detected uninitialized Port D in this project. Recommend initializing all unused ports to eliminate wasted current consumption on unused pins.
remark #10372-D: (ULP 4.1) Detected uninitialized Port E in this project. Recommend initializing all unused ports to eliminate wasted current consumption on unused pins.
Finished building target: "Lab04.out"
 

**** Build Finished ****

**** Build of configuration Debug for project Lab04 ****

"D:\\ti\\ccs1010\\ccs\\utils\\bin\\gmake" -k -j 6 all -O 
 
Building file: "../main.c"
Invoking: MSP430 Compiler
"D:/ti/ccs1010/ccs/tools/compiler/ti-cgt-msp430_20.2.2.LTS/bin/cl430" -vmspx --data_model=restricted --use_hw_mpy=F5 --include_path="D:/ti/ccs1010/ccs/ccs_base/msp430/include" --include_path="C:/Users/Noah/Desktop/Embedded Systems/Lab04/Lab04" --include_path="D:/ti/ccs1010/ccs/tools/compiler/ti-cgt-msp430_20.2.2.LTS/include" --advice:power=all --advice:hw_config=all --define=__MSP430FR6989__ --define=_MPU_ENABLE -g --printf_support=minimal --diag_warning=225 --diag_wrap=off --display_error_number --silicon_errata=CPU21 --silicon_errata=CPU22 --silicon_errata=CPU40 --preproc_with_compile --preproc_dependency="main.d_raw"  "../main.c"
Finished building: "../main.c"
 
Building target: "Lab04.out"
Invoking: MSP430 Linker
"D:/ti/ccs1010/ccs/tools/compiler/ti-cgt-msp430_20.2.2.LTS/bin/cl430" -vmspx --data_model=restricted --use_hw_mpy=F5 --advice:power=all --advice:hw_config=all --define=__MSP430FR6989__ --define=_MPU_ENABLE -g --printf_support=minimal --diag_warning=225 --diag_wrap=off --display_error_number --silicon_errata=CPU21 --silicon_errata=CPU22 --silicon_errata=CPU40 -z -m"Lab04.map" --heap_size=160 --stack_size=160 --cinit_hold_wdt=on -i"D:/ti/ccs1010/ccs/ccs_base/msp430/include" -i"D:/ti/ccs1010/ccs/ccs_base/msp430/lib/5xx_6xx_FRxx" -i"D:/ti/ccs1010/ccs/ccs_base/msp430/lib/FR59xx" -i"D:/ti/ccs1010/ccs/tools/compiler/ti-cgt-msp430_20.2.2.LTS/lib" -i"D:/ti/ccs1010/ccs/tools/compiler/ti-cgt-msp430_20.2.2.LTS/include" --priority --reread_libs --define=_MPU_ENABLE --diag_wrap=off --display_error_number --warn_sections --xml_link_info="Lab04_linkInfo.xml" --use_hw_mpy=F5 --rom_model -o "Lab04.out" "./main.obj" "../lnk_msp430fr6989.cmd"  -llibmpu_init.a -llibmath.a -llibc.a 
<Linking>
remark #10371-D: (ULP 1.1) Detected no uses of low power mode state changing instructions
remark #10372-D: (ULP 4.1) Detected uninitialized Port A in this project. Recommend initializing all unused ports to eliminate wasted current consumption on unused pins.
remark #10372-D: (ULP 4.1) Detected uninitialized Port B in this project. Recommend initializing all unused ports to eliminate wasted current consumption on unused pins.
remark #10372-D: (ULP 4.1) Detected uninitialized Port C in this project. Recommend initializing all unused ports to eliminate wasted current consumption on unused pins.
remark #10372-D: (ULP 4.1) Detected uninitialized Port D in this project. Recommend initializing all unused ports to eliminate wasted current consumption on unused pins.
remark #10372-D: (ULP 4.1) Detected uninitialized Port E in this project. Recommend initializing all unused ports to eliminate wasted current consumption on unused pins.
Finished building target: "Lab04.out"
 

**** Build Finished ****

**** Build of configuration Debug for project Lab04 ****

"D:\\ti\\ccs1010\\ccs\\utils\\bin\\gmake" -k -j 6 all -O 
 
Building file: "../main.c"
Invoking: MSP430 Compiler
"D:/ti/ccs1010/ccs/tools/compiler/ti-cgt-msp430_20.2.2.LTS/bin/cl430" -vmspx --data_model=restricted --use_hw_mpy=F5 --include_path="D:/ti/ccs1010/ccs/ccs_base/msp430/include" --include_path="C:/Users/Noah/Desktop/Embedded Systems/Lab04/Lab04" --include_path="D:/ti/ccs1010/ccs/tools/compiler/ti-cgt-msp430_20.2.2.LTS/include" --advice:power=all --advice:hw_config=all --define=__MSP430FR6989__ --define=_MPU_ENABLE -g --printf_support=minimal --diag_warning=225 --diag_wrap=off --display_error_number --silicon_errata=CPU21 --silicon_errata=CPU22 --silicon_errata=CPU40 --preproc_with_compile --preproc_dependency="main.d_raw"  "../main.c"
Finished building: "../main.c"
 
Building target: "Lab04.out"
Invoking: MSP430 Linker
"D:/ti/ccs1010/ccs/tools/compiler/ti-cgt-msp430_20.2.2.LTS/bin/cl430" -vmspx --data_model=restricted --use_hw_mpy=F5 --advice:power=all --advice:hw_config=all --define=__MSP430FR6989__ --define=_MPU_ENABLE -g --printf_support=minimal --diag_warning=225 --diag_wrap=off --display_error_number --silicon_errata=CPU21 --silicon_errata=CPU22 --silicon_errata=CPU40 -z -m"Lab04.map" --heap_size=160 --stack_size=160 --cinit_hold_wdt=on -i"D:/ti/ccs1010/ccs/ccs_base/msp430/include" -i"D:/ti/ccs1010/ccs/ccs_base/msp430/lib/5xx_6xx_FRxx" -i"D:/ti/ccs1010/ccs/ccs_base/msp430/lib/FR59xx" -i"D:/ti/ccs1010/ccs/tools/compiler/ti-cgt-msp430_20.2.2.LTS/lib" -i"D:/ti/ccs1010/ccs/tools/compiler/ti-cgt-msp430_20.2.2.LTS/include" --priority --reread_libs --define=_MPU_ENABLE --diag_wrap=off --display_error_number --warn_sections --xml_link_info="Lab04_linkInfo.xml" --use_hw_mpy=F5 --rom_model -o "Lab04.out" "./main.obj" "../lnk_msp430fr6989.cmd"  -llibmpu_init.a -llibmath.a -llibc.a 
<Linking>
remark #10371-D: (ULP 1.1) Detected no uses of low power mode state changing instructions
remark #10372-D: (ULP 4.1) Detected uninitialized Port A in this project. Recommend initializing all unused ports to eliminate wasted current consumption on unused pins.
remark #10372-D: (ULP 4.1) Detected uninitialized Port B in this project. Recommend initializing all unused ports to eliminate wasted current consumption on unused pins.
remark #10372-D: (ULP 4.1) Detected uninitialized Port C in this project. Recommend initializing all unused ports to eliminate wasted current consumption on unused pins.
remark #10372-D: (ULP 4.1) Detected uninitialized Port D in this project. Recommend initializing all unused ports to eliminate wasted current consumption on unused pins.
remark #10372-D: (ULP 4.1) Detected uninitialized Port E in this project. Recommend initializing all unused ports to eliminate wasted current consumption on unused pins.
Finished building target: "Lab04.out"
 

**** Build Finished ****

**** Build of configuration Debug for project Lab04 ****

"D:\\ti\\ccs1010\\ccs\\utils\\bin\\gmake" -k -j 6 all -O 
 
Building file: "../main.c"
Invoking: MSP430 Compiler
"D:/ti/ccs1010/ccs/tools/compiler/ti-cgt-msp430_20.2.2.LTS/bin/cl430" -vmspx --data_model=restricted --use_hw_mpy=F5 --include_path="D:/ti/ccs1010/ccs/ccs_base/msp430/include" --include_path="C:/Users/Noah/Desktop/Embedded Systems/Lab04/Lab04" --include_path="D:/ti/ccs1010/ccs/tools/compiler/ti-cgt-msp430_20.2.2.LTS/include" --advice:power=all --advice:hw_config=all --define=__MSP430FR6989__ --define=_MPU_ENABLE -g --printf_support=minimal --diag_warning=225 --diag_wrap=off --display_error_number --silicon_errata=CPU21 --silicon_errata=CPU22 --silicon_errata=CPU40 --preproc_with_compile --preproc_dependency="main.d_raw"  "../main.c"
Finished building: "../main.c"
 
Building target: "Lab04.out"
Invoking: MSP430 Linker
"D:/ti/ccs1010/ccs/tools/compiler/ti-cgt-msp430_20.2.2.LTS/bin/cl430" -vmspx --data_model=restricted --use_hw_mpy=F5 --advice:power=all --advice:hw_config=all --define=__MSP430FR6989__ --define=_MPU_ENABLE -g --printf_support=minimal --diag_warning=225 --diag_wrap=off --display_error_number --silicon_errata=CPU21 --silicon_errata=CPU22 --silicon_errata=CPU40 -z -m"Lab04.map" --heap_size=160 --stack_size=160 --cinit_hold_wdt=on -i"D:/ti/ccs1010/ccs/ccs_base/msp430/include" -i"D:/ti/ccs1010/ccs/ccs_base/msp430/lib/5xx_6xx_FRxx" -i"D:/ti/ccs1010/ccs/ccs_base/msp430/lib/FR59xx" -i"D:/ti/ccs1010/ccs/tools/compiler/ti-cgt-msp430_20.2.2.LTS/lib" -i"D:/ti/ccs1010/ccs/tools/compiler/ti-cgt-msp430_20.2.2.LTS/include" --priority --reread_libs --define=_MPU_ENABLE --diag_wrap=off --display_error_number --warn_sections --xml_link_info="Lab04_linkInfo.xml" --use_hw_mpy=F5 --rom_model -o "Lab04.out" "./main.obj" "../lnk_msp430fr6989.cmd"  -llibmpu_init.a -llibmath.a -llibc.a 
<Linking>
remark #10371-D: (ULP 1.1) Detected no uses of low power mode state changing instructions
remark #10372-D: (ULP 4.1) Detected uninitialized Port A in this project. Recommend initializing all unused ports to eliminate wasted current consumption on unused pins.
remark #10372-D: (ULP 4.1) Detected uninitialized Port B in this project. Recommend initializing all unused ports to eliminate wasted current consumption on unused pins.
remark #10372-D: (ULP 4.1) Detected uninitialized Port C in this project. Recommend initializing all unused ports to eliminate wasted current consumption on unused pins.
remark #10372-D: (ULP 4.1) Detected uninitialized Port D in this project. Recommend initializing all unused ports to eliminate wasted current consumption on unused pins.
remark #10372-D: (ULP 4.1) Detected uninitialized Port E in this project. Recommend initializing all unused ports to eliminate wasted current consumption on unused pins.
Finished building target: "Lab04.out"
 

**** Build Finished ****

**** Build of configuration Debug for project Lab04 ****

"D:\\ti\\ccs1010\\ccs\\utils\\bin\\gmake" -k -j 6 all -O 
 
Building file: "../main.c"
Invoking: MSP430 Compiler
"D:/ti/ccs1010/ccs/tools/compiler/ti-cgt-msp430_20.2.2.LTS/bin/cl430" -vmspx --data_model=restricted --use_hw_mpy=F5 --include_path="D:/ti/ccs1010/ccs/ccs_base/msp430/include" --include_path="C:/Users/Noah/Desktop/Embedded Systems/Lab04/Lab04" --include_path="D:/ti/ccs1010/ccs/tools/compiler/ti-cgt-msp430_20.2.2.LTS/include" --advice:power=all --advice:hw_config=all --define=__MSP430FR6989__ --define=_MPU_ENABLE -g --printf_support=minimal --diag_warning=225 --diag_wrap=off --display_error_number --silicon_errata=CPU21 --silicon_errata=CPU22 --silicon_errata=CPU40 --preproc_with_compile --preproc_dependency="main.d_raw"  "../main.c"
Finished building: "../main.c"
 
Building target: "Lab04.out"
Invoking: MSP430 Linker
"D:/ti/ccs1010/ccs/tools/compiler/ti-cgt-msp430_20.2.2.LTS/bin/cl430" -vmspx --data_model=restricted --use_hw_mpy=F5 --advice:power=all --advice:hw_config=all --define=__MSP430FR6989__ --define=_MPU_ENABLE -g --printf_support=minimal --diag_warning=225 --diag_wrap=off --display_error_number --silicon_errata=CPU21 --silicon_errata=CPU22 --silicon_errata=CPU40 -z -m"Lab04.map" --heap_size=160 --stack_size=160 --cinit_hold_wdt=on -i"D:/ti/ccs1010/ccs/ccs_base/msp430/include" -i"D:/ti/ccs1010/ccs/ccs_base/msp430/lib/5xx_6xx_FRxx" -i"D:/ti/ccs1010/ccs/ccs_base/msp430/lib/FR59xx" -i"D:/ti/ccs1010/ccs/tools/compiler/ti-cgt-msp430_20.2.2.LTS/lib" -i"D:/ti/ccs1010/ccs/tools/compiler/ti-cgt-msp430_20.2.2.LTS/include" --priority --reread_libs --define=_MPU_ENABLE --diag_wrap=off --display_error_number --warn_sections --xml_link_info="Lab04_linkInfo.xml" --use_hw_mpy=F5 --rom_model -o "Lab04.out" "./main.obj" "../lnk_msp430fr6989.cmd"  -llibmpu_init.a -llibmath.a -llibc.a 
<Linking>
remark #10371-D: (ULP 1.1) Detected no uses of low power mode state changing instructions
remark #10372-D: (ULP 4.1) Detected uninitialized Port A in this project. Recommend initializing all unused ports to eliminate wasted current consumption on unused pins.
remark #10372-D: (ULP 4.1) Detected uninitialized Port B in this project. Recommend initializing all unused ports to eliminate wasted current consumption on unused pins.
remark #10372-D: (ULP 4.1) Detected uninitialized Port C in this project. Recommend initializing all unused ports to eliminate wasted current consumption on unused pins.
remark #10372-D: (ULP 4.1) Detected uninitialized Port D in this project. Recommend initializing all unused ports to eliminate wasted current consumption on unused pins.
remark #10372-D: (ULP 4.1) Detected uninitialized Port E in this project. Recommend initializing all unused ports to eliminate wasted current consumption on unused pins.
Finished building target: "Lab04.out"
 

**** Build Finished ****

**** Build of configuration Debug for project Lab04 ****

"D:\\ti\\ccs1010\\ccs\\utils\\bin\\gmake" -k -j 6 all -O 
 
gmake[1]: 'Lab04.out' is up to date.

**** Build Finished ****

**** Build of configuration Debug for project Lab04 ****

"D:\\ti\\ccs1010\\ccs\\utils\\bin\\gmake" -k -j 6 all -O 
 
Building file: "../main.c"
Invoking: MSP430 Compiler
"D:/ti/ccs1010/ccs/tools/compiler/ti-cgt-msp430_20.2.2.LTS/bin/cl430" -vmspx --data_model=restricted --use_hw_mpy=F5 --include_path="D:/ti/ccs1010/ccs/ccs_base/msp430/include" --include_path="C:/Users/Noah/Desktop/Embedded Systems/Lab04/Lab04" --include_path="D:/ti/ccs1010/ccs/tools/compiler/ti-cgt-msp430_20.2.2.LTS/include" --advice:power=all --advice:hw_config=all --define=__MSP430FR6989__ --define=_MPU_ENABLE -g --printf_support=minimal --diag_warning=225 --diag_wrap=off --display_error_number --silicon_errata=CPU21 --silicon_errata=CPU22 --silicon_errata=CPU40 --preproc_with_compile --preproc_dependency="main.d_raw"  "../main.c"
Finished building: "../main.c"
 
Building target: "Lab04.out"
Invoking: MSP430 Linker
"D:/ti/ccs1010/ccs/tools/compiler/ti-cgt-msp430_20.2.2.LTS/bin/cl430" -vmspx --data_model=restricted --use_hw_mpy=F5 --advice:power=all --advice:hw_config=all --define=__MSP430FR6989__ --define=_MPU_ENABLE -g --printf_support=minimal --diag_warning=225 --diag_wrap=off --display_error_number --silicon_errata=CPU21 --silicon_errata=CPU22 --silicon_errata=CPU40 -z -m"Lab04.map" --heap_size=160 --stack_size=160 --cinit_hold_wdt=on -i"D:/ti/ccs1010/ccs/ccs_base/msp430/include" -i"D:/ti/ccs1010/ccs/ccs_base/msp430/lib/5xx_6xx_FRxx" -i"D:/ti/ccs1010/ccs/ccs_base/msp430/lib/FR59xx" -i"D:/ti/ccs1010/ccs/tools/compiler/ti-cgt-msp430_20.2.2.LTS/lib" -i"D:/ti/ccs1010/ccs/tools/compiler/ti-cgt-msp430_20.2.2.LTS/include" --priority --reread_libs --define=_MPU_ENABLE --diag_wrap=off --display_error_number --warn_sections --xml_link_info="Lab04_linkInfo.xml" --use_hw_mpy=F5 --rom_model -o "Lab04.out" "./main.obj" "../lnk_msp430fr6989.cmd"  -llibmpu_init.a -llibmath.a -llibc.a 
<Linking>
remark #10371-D: (ULP 1.1) Detected no uses of low power mode state changing instructions
remark #10372-D: (ULP 4.1) Detected uninitialized Port A in this project. Recommend initializing all unused ports to eliminate wasted current consumption on unused pins.
remark #10372-D: (ULP 4.1) Detected uninitialized Port B in this project. Recommend initializing all unused ports to eliminate wasted current consumption on unused pins.
remark #10372-D: (ULP 4.1) Detected uninitialized Port C in this project. Recommend initializing all unused ports to eliminate wasted current consumption on unused pins.
remark #10372-D: (ULP 4.1) Detected uninitialized Port D in this project. Recommend initializing all unused ports to eliminate wasted current consumption on unused pins.
remark #10372-D: (ULP 4.1) Detected uninitialized Port E in this project. Recommend initializing all unused ports to eliminate wasted current consumption on unused pins.
Finished building target: "Lab04.out"
 

**** Build Finished ****

**** Build of configuration Debug for project Lab04 ****

"D:\\ti\\ccs1010\\ccs\\utils\\bin\\gmake" -k -j 6 all -O 
 
gmake[1]: 'Lab04.out' is up to date.

**** Build Finished ****

**** Build of configuration Debug for project Lab04 ****

"D:\\ti\\ccs1010\\ccs\\utils\\bin\\gmake" -k -j 6 all -O 
 
Building file: "../main.c"
Invoking: MSP430 Compiler
"D:/ti/ccs1010/ccs/tools/compiler/ti-cgt-msp430_20.2.2.LTS/bin/cl430" -vmspx --data_model=restricted --use_hw_mpy=F5 --include_path="D:/ti/ccs1010/ccs/ccs_base/msp430/include" --include_path="C:/Users/Noah/Desktop/Embedded Systems/Lab04/Lab04" --include_path="D:/ti/ccs1010/ccs/tools/compiler/ti-cgt-msp430_20.2.2.LTS/include" --advice:power=all --advice:hw_config=all --define=__MSP430FR6989__ --define=_MPU_ENABLE -g --printf_support=minimal --diag_warning=225 --diag_wrap=off --display_error_number --silicon_errata=CPU21 --silicon_errata=CPU22 --silicon_errata=CPU40 --preproc_with_compile --preproc_dependency="main.d_raw"  "../main.c"
Finished building: "../main.c"
 
Building target: "Lab04.out"
Invoking: MSP430 Linker
"D:/ti/ccs1010/ccs/tools/compiler/ti-cgt-msp430_20.2.2.LTS/bin/cl430" -vmspx --data_model=restricted --use_hw_mpy=F5 --advice:power=all --advice:hw_config=all --define=__MSP430FR6989__ --define=_MPU_ENABLE -g --printf_support=minimal --diag_warning=225 --diag_wrap=off --display_error_number --silicon_errata=CPU21 --silicon_errata=CPU22 --silicon_errata=CPU40 -z -m"Lab04.map" --heap_size=160 --stack_size=160 --cinit_hold_wdt=on -i"D:/ti/ccs1010/ccs/ccs_base/msp430/include" -i"D:/ti/ccs1010/ccs/ccs_base/msp430/lib/5xx_6xx_FRxx" -i"D:/ti/ccs1010/ccs/ccs_base/msp430/lib/FR59xx" -i"D:/ti/ccs1010/ccs/tools/compiler/ti-cgt-msp430_20.2.2.LTS/lib" -i"D:/ti/ccs1010/ccs/tools/compiler/ti-cgt-msp430_20.2.2.LTS/include" --priority --reread_libs --define=_MPU_ENABLE --diag_wrap=off --display_error_number --warn_sections --xml_link_info="Lab04_linkInfo.xml" --use_hw_mpy=F5 --rom_model -o "Lab04.out" "./main.obj" "../lnk_msp430fr6989.cmd"  -llibmpu_init.a -llibmath.a -llibc.a 
<Linking>
remark #10371-D: (ULP 1.1) Detected no uses of low power mode state changing instructions
remark #10372-D: (ULP 4.1) Detected uninitialized Port A in this project. Recommend initializing all unused ports to eliminate wasted current consumption on unused pins.
remark #10372-D: (ULP 4.1) Detected uninitialized Port B in this project. Recommend initializing all unused ports to eliminate wasted current consumption on unused pins.
remark #10372-D: (ULP 4.1) Detected uninitialized Port C in this project. Recommend initializing all unused ports to eliminate wasted current consumption on unused pins.
remark #10372-D: (ULP 4.1) Detected uninitialized Port D in this project. Recommend initializing all unused ports to eliminate wasted current consumption on unused pins.
remark #10372-D: (ULP 4.1) Detected uninitialized Port E in this project. Recommend initializing all unused ports to eliminate wasted current consumption on unused pins.
Finished building target: "Lab04.out"
 

**** Build Finished ****

**** Build of configuration Debug for project Lab04 ****

"D:\\ti\\ccs1010\\ccs\\utils\\bin\\gmake" -k -j 6 all -O 
 
Building file: "../main.c"
Invoking: MSP430 Compiler
"D:/ti/ccs1010/ccs/tools/compiler/ti-cgt-msp430_20.2.2.LTS/bin/cl430" -vmspx --data_model=restricted --use_hw_mpy=F5 --include_path="D:/ti/ccs1010/ccs/ccs_base/msp430/include" --include_path="C:/Users/Noah/Desktop/Embedded Systems/Lab04/Lab04" --include_path="D:/ti/ccs1010/ccs/tools/compiler/ti-cgt-msp430_20.2.2.LTS/include" --advice:power=all --advice:hw_config=all --define=__MSP430FR6989__ --define=_MPU_ENABLE -g --printf_support=minimal --diag_warning=225 --diag_wrap=off --display_error_number --silicon_errata=CPU21 --silicon_errata=CPU22 --silicon_errata=CPU40 --preproc_with_compile --preproc_dependency="main.d_raw"  "../main.c"
Finished building: "../main.c"
 
Building target: "Lab04.out"
Invoking: MSP430 Linker
"D:/ti/ccs1010/ccs/tools/compiler/ti-cgt-msp430_20.2.2.LTS/bin/cl430" -vmspx --data_model=restricted --use_hw_mpy=F5 --advice:power=all --advice:hw_config=all --define=__MSP430FR6989__ --define=_MPU_ENABLE -g --printf_support=minimal --diag_warning=225 --diag_wrap=off --display_error_number --silicon_errata=CPU21 --silicon_errata=CPU22 --silicon_errata=CPU40 -z -m"Lab04.map" --heap_size=160 --stack_size=160 --cinit_hold_wdt=on -i"D:/ti/ccs1010/ccs/ccs_base/msp430/include" -i"D:/ti/ccs1010/ccs/ccs_base/msp430/lib/5xx_6xx_FRxx" -i"D:/ti/ccs1010/ccs/ccs_base/msp430/lib/FR59xx" -i"D:/ti/ccs1010/ccs/tools/compiler/ti-cgt-msp430_20.2.2.LTS/lib" -i"D:/ti/ccs1010/ccs/tools/compiler/ti-cgt-msp430_20.2.2.LTS/include" --priority --reread_libs --define=_MPU_ENABLE --diag_wrap=off --display_error_number --warn_sections --xml_link_info="Lab04_linkInfo.xml" --use_hw_mpy=F5 --rom_model -o "Lab04.out" "./main.obj" "../lnk_msp430fr6989.cmd"  -llibmpu_init.a -llibmath.a -llibc.a 
<Linking>
remark #10371-D: (ULP 1.1) Detected no uses of low power mode state changing instructions
remark #10372-D: (ULP 4.1) Detected uninitialized Port A in this project. Recommend initializing all unused ports to eliminate wasted current consumption on unused pins.
remark #10372-D: (ULP 4.1) Detected uninitialized Port B in this project. Recommend initializing all unused ports to eliminate wasted current consumption on unused pins.
remark #10372-D: (ULP 4.1) Detected uninitialized Port C in this project. Recommend initializing all unused ports to eliminate wasted current consumption on unused pins.
remark #10372-D: (ULP 4.1) Detected uninitialized Port D in this project. Recommend initializing all unused ports to eliminate wasted current consumption on unused pins.
remark #10372-D: (ULP 4.1) Detected uninitialized Port E in this project. Recommend initializing all unused ports to eliminate wasted current consumption on unused pins.
Finished building target: "Lab04.out"
 

**** Build Finished ****

**** Build of configuration Debug for project Lab04 ****

"D:\\ti\\ccs1010\\ccs\\utils\\bin\\gmake" -k -j 6 all -O 
 
Building file: "../main.c"
Invoking: MSP430 Compiler
"D:/ti/ccs1010/ccs/tools/compiler/ti-cgt-msp430_20.2.2.LTS/bin/cl430" -vmspx --data_model=restricted --use_hw_mpy=F5 --include_path="D:/ti/ccs1010/ccs/ccs_base/msp430/include" --include_path="C:/Users/Noah/Desktop/Embedded Systems/Lab04/Lab04" --include_path="D:/ti/ccs1010/ccs/tools/compiler/ti-cgt-msp430_20.2.2.LTS/include" --advice:power=all --advice:hw_config=all --define=__MSP430FR6989__ --define=_MPU_ENABLE -g --printf_support=minimal --diag_warning=225 --diag_wrap=off --display_error_number --silicon_errata=CPU21 --silicon_errata=CPU22 --silicon_errata=CPU40 --preproc_with_compile --preproc_dependency="main.d_raw"  "../main.c"
Finished building: "../main.c"
 
Building target: "Lab04.out"
Invoking: MSP430 Linker
"D:/ti/ccs1010/ccs/tools/compiler/ti-cgt-msp430_20.2.2.LTS/bin/cl430" -vmspx --data_model=restricted --use_hw_mpy=F5 --advice:power=all --advice:hw_config=all --define=__MSP430FR6989__ --define=_MPU_ENABLE -g --printf_support=minimal --diag_warning=225 --diag_wrap=off --display_error_number --silicon_errata=CPU21 --silicon_errata=CPU22 --silicon_errata=CPU40 -z -m"Lab04.map" --heap_size=160 --stack_size=160 --cinit_hold_wdt=on -i"D:/ti/ccs1010/ccs/ccs_base/msp430/include" -i"D:/ti/ccs1010/ccs/ccs_base/msp430/lib/5xx_6xx_FRxx" -i"D:/ti/ccs1010/ccs/ccs_base/msp430/lib/FR59xx" -i"D:/ti/ccs1010/ccs/tools/compiler/ti-cgt-msp430_20.2.2.LTS/lib" -i"D:/ti/ccs1010/ccs/tools/compiler/ti-cgt-msp430_20.2.2.LTS/include" --priority --reread_libs --define=_MPU_ENABLE --diag_wrap=off --display_error_number --warn_sections --xml_link_info="Lab04_linkInfo.xml" --use_hw_mpy=F5 --rom_model -o "Lab04.out" "./main.obj" "../lnk_msp430fr6989.cmd"  -llibmpu_init.a -llibmath.a -llibc.a 
<Linking>
remark #10371-D: (ULP 1.1) Detected no uses of low power mode state changing instructions
remark #10372-D: (ULP 4.1) Detected uninitialized Port A in this project. Recommend initializing all unused ports to eliminate wasted current consumption on unused pins.
remark #10372-D: (ULP 4.1) Detected uninitialized Port B in this project. Recommend initializing all unused ports to eliminate wasted current consumption on unused pins.
remark #10372-D: (ULP 4.1) Detected uninitialized Port C in this project. Recommend initializing all unused ports to eliminate wasted current consumption on unused pins.
remark #10372-D: (ULP 4.1) Detected uninitialized Port D in this project. Recommend initializing all unused ports to eliminate wasted current consumption on unused pins.
remark #10372-D: (ULP 4.1) Detected uninitialized Port E in this project. Recommend initializing all unused ports to eliminate wasted current consumption on unused pins.
Finished building target: "Lab04.out"
 

**** Build Finished ****

**** Build of configuration Debug for project Lab04 ****

"D:\\ti\\ccs1010\\ccs\\utils\\bin\\gmake" -k -j 6 all -O 
 
Building file: "../main.c"
Invoking: MSP430 Compiler
"D:/ti/ccs1010/ccs/tools/compiler/ti-cgt-msp430_20.2.2.LTS/bin/cl430" -vmspx --data_model=restricted --use_hw_mpy=F5 --include_path="D:/ti/ccs1010/ccs/ccs_base/msp430/include" --include_path="C:/Users/Noah/Desktop/Embedded Systems/Lab04/Lab04" --include_path="D:/ti/ccs1010/ccs/tools/compiler/ti-cgt-msp430_20.2.2.LTS/include" --advice:power=all --advice:hw_config=all --define=__MSP430FR6989__ --define=_MPU_ENABLE -g --printf_support=minimal --diag_warning=225 --diag_wrap=off --display_error_number --silicon_errata=CPU21 --silicon_errata=CPU22 --silicon_errata=CPU40 --preproc_with_compile --preproc_dependency="main.d_raw"  "../main.c"
Finished building: "../main.c"
 
Building target: "Lab04.out"
Invoking: MSP430 Linker
"D:/ti/ccs1010/ccs/tools/compiler/ti-cgt-msp430_20.2.2.LTS/bin/cl430" -vmspx --data_model=restricted --use_hw_mpy=F5 --advice:power=all --advice:hw_config=all --define=__MSP430FR6989__ --define=_MPU_ENABLE -g --printf_support=minimal --diag_warning=225 --diag_wrap=off --display_error_number --silicon_errata=CPU21 --silicon_errata=CPU22 --silicon_errata=CPU40 -z -m"Lab04.map" --heap_size=160 --stack_size=160 --cinit_hold_wdt=on -i"D:/ti/ccs1010/ccs/ccs_base/msp430/include" -i"D:/ti/ccs1010/ccs/ccs_base/msp430/lib/5xx_6xx_FRxx" -i"D:/ti/ccs1010/ccs/ccs_base/msp430/lib/FR59xx" -i"D:/ti/ccs1010/ccs/tools/compiler/ti-cgt-msp430_20.2.2.LTS/lib" -i"D:/ti/ccs1010/ccs/tools/compiler/ti-cgt-msp430_20.2.2.LTS/include" --priority --reread_libs --define=_MPU_ENABLE --diag_wrap=off --display_error_number --warn_sections --xml_link_info="Lab04_linkInfo.xml" --use_hw_mpy=F5 --rom_model -o "Lab04.out" "./main.obj" "../lnk_msp430fr6989.cmd"  -llibmpu_init.a -llibmath.a -llibc.a 
<Linking>
remark #10371-D: (ULP 1.1) Detected no uses of low power mode state changing instructions
remark #10372-D: (ULP 4.1) Detected uninitialized Port A in this project. Recommend initializing all unused ports to eliminate wasted current consumption on unused pins.
remark #10372-D: (ULP 4.1) Detected uninitialized Port B in this project. Recommend initializing all unused ports to eliminate wasted current consumption on unused pins.
remark #10372-D: (ULP 4.1) Detected uninitialized Port C in this project. Recommend initializing all unused ports to eliminate wasted current consumption on unused pins.
remark #10372-D: (ULP 4.1) Detected uninitialized Port D in this project. Recommend initializing all unused ports to eliminate wasted current consumption on unused pins.
remark #10372-D: (ULP 4.1) Detected uninitialized Port E in this project. Recommend initializing all unused ports to eliminate wasted current consumption on unused pins.
Finished building target: "Lab04.out"
 

**** Build Finished ****

**** Build of configuration Debug for project Lab04 ****

"D:\\ti\\ccs1010\\ccs\\utils\\bin\\gmake" -k -j 6 all -O 
 
Building file: "../main.c"
Invoking: MSP430 Compiler
"D:/ti/ccs1010/ccs/tools/compiler/ti-cgt-msp430_20.2.2.LTS/bin/cl430" -vmspx --data_model=restricted --use_hw_mpy=F5 --include_path="D:/ti/ccs1010/ccs/ccs_base/msp430/include" --include_path="C:/Users/Noah/Desktop/Embedded Systems/Lab04/Lab04" --include_path="D:/ti/ccs1010/ccs/tools/compiler/ti-cgt-msp430_20.2.2.LTS/include" --advice:power=all --advice:hw_config=all --define=__MSP430FR6989__ --define=_MPU_ENABLE -g --printf_support=minimal --diag_warning=225 --diag_wrap=off --display_error_number --silicon_errata=CPU21 --silicon_errata=CPU22 --silicon_errata=CPU40 --preproc_with_compile --preproc_dependency="main.d_raw"  "../main.c"
Finished building: "../main.c"
 
Building target: "Lab04.out"
Invoking: MSP430 Linker
"D:/ti/ccs1010/ccs/tools/compiler/ti-cgt-msp430_20.2.2.LTS/bin/cl430" -vmspx --data_model=restricted --use_hw_mpy=F5 --advice:power=all --advice:hw_config=all --define=__MSP430FR6989__ --define=_MPU_ENABLE -g --printf_support=minimal --diag_warning=225 --diag_wrap=off --display_error_number --silicon_errata=CPU21 --silicon_errata=CPU22 --silicon_errata=CPU40 -z -m"Lab04.map" --heap_size=160 --stack_size=160 --cinit_hold_wdt=on -i"D:/ti/ccs1010/ccs/ccs_base/msp430/include" -i"D:/ti/ccs1010/ccs/ccs_base/msp430/lib/5xx_6xx_FRxx" -i"D:/ti/ccs1010/ccs/ccs_base/msp430/lib/FR59xx" -i"D:/ti/ccs1010/ccs/tools/compiler/ti-cgt-msp430_20.2.2.LTS/lib" -i"D:/ti/ccs1010/ccs/tools/compiler/ti-cgt-msp430_20.2.2.LTS/include" --priority --reread_libs --define=_MPU_ENABLE --diag_wrap=off --display_error_number --warn_sections --xml_link_info="Lab04_linkInfo.xml" --use_hw_mpy=F5 --rom_model -o "Lab04.out" "./main.obj" "../lnk_msp430fr6989.cmd"  -llibmpu_init.a -llibmath.a -llibc.a 
<Linking>
remark #10371-D: (ULP 1.1) Detected no uses of low power mode state changing instructions
remark #10372-D: (ULP 4.1) Detected uninitialized Port A in this project. Recommend initializing all unused ports to eliminate wasted current consumption on unused pins.
remark #10372-D: (ULP 4.1) Detected uninitialized Port B in this project. Recommend initializing all unused ports to eliminate wasted current consumption on unused pins.
remark #10372-D: (ULP 4.1) Detected uninitialized Port C in this project. Recommend initializing all unused ports to eliminate wasted current consumption on unused pins.
remark #10372-D: (ULP 4.1) Detected uninitialized Port D in this project. Recommend initializing all unused ports to eliminate wasted current consumption on unused pins.
remark #10372-D: (ULP 4.1) Detected uninitialized Port E in this project. Recommend initializing all unused ports to eliminate wasted current consumption on unused pins.
Finished building target: "Lab04.out"
 

**** Build Finished ****

**** Build of configuration Debug for project Lab04 ****

"D:\\ti\\ccs1010\\ccs\\utils\\bin\\gmake" -k -j 6 all -O 
 
Building file: "../main.c"
Invoking: MSP430 Compiler
"D:/ti/ccs1010/ccs/tools/compiler/ti-cgt-msp430_20.2.2.LTS/bin/cl430" -vmspx --data_model=restricted --use_hw_mpy=F5 --include_path="D:/ti/ccs1010/ccs/ccs_base/msp430/include" --include_path="C:/Users/Noah/Desktop/Embedded Systems/Lab04/Lab04" --include_path="D:/ti/ccs1010/ccs/tools/compiler/ti-cgt-msp430_20.2.2.LTS/include" --advice:power=all --advice:hw_config=all --define=__MSP430FR6989__ --define=_MPU_ENABLE -g --printf_support=minimal --diag_warning=225 --diag_wrap=off --display_error_number --silicon_errata=CPU21 --silicon_errata=CPU22 --silicon_errata=CPU40 --preproc_with_compile --preproc_dependency="main.d_raw"  "../main.c"
Finished building: "../main.c"
 
Building target: "Lab04.out"
Invoking: MSP430 Linker
"D:/ti/ccs1010/ccs/tools/compiler/ti-cgt-msp430_20.2.2.LTS/bin/cl430" -vmspx --data_model=restricted --use_hw_mpy=F5 --advice:power=all --advice:hw_config=all --define=__MSP430FR6989__ --define=_MPU_ENABLE -g --printf_support=minimal --diag_warning=225 --diag_wrap=off --display_error_number --silicon_errata=CPU21 --silicon_errata=CPU22 --silicon_errata=CPU40 -z -m"Lab04.map" --heap_size=160 --stack_size=160 --cinit_hold_wdt=on -i"D:/ti/ccs1010/ccs/ccs_base/msp430/include" -i"D:/ti/ccs1010/ccs/ccs_base/msp430/lib/5xx_6xx_FRxx" -i"D:/ti/ccs1010/ccs/ccs_base/msp430/lib/FR59xx" -i"D:/ti/ccs1010/ccs/tools/compiler/ti-cgt-msp430_20.2.2.LTS/lib" -i"D:/ti/ccs1010/ccs/tools/compiler/ti-cgt-msp430_20.2.2.LTS/include" --priority --reread_libs --define=_MPU_ENABLE --diag_wrap=off --display_error_number --warn_sections --xml_link_info="Lab04_linkInfo.xml" --use_hw_mpy=F5 --rom_model -o "Lab04.out" "./main.obj" "../lnk_msp430fr6989.cmd"  -llibmpu_init.a -llibmath.a -llibc.a 
<Linking>
remark #10371-D: (ULP 1.1) Detected no uses of low power mode state changing instructions
remark #10372-D: (ULP 4.1) Detected uninitialized Port A in this project. Recommend initializing all unused ports to eliminate wasted current consumption on unused pins.
remark #10372-D: (ULP 4.1) Detected uninitialized Port B in this project. Recommend initializing all unused ports to eliminate wasted current consumption on unused pins.
remark #10372-D: (ULP 4.1) Detected uninitialized Port C in this project. Recommend initializing all unused ports to eliminate wasted current consumption on unused pins.
remark #10372-D: (ULP 4.1) Detected uninitialized Port D in this project. Recommend initializing all unused ports to eliminate wasted current consumption on unused pins.
remark #10372-D: (ULP 4.1) Detected uninitialized Port E in this project. Recommend initializing all unused ports to eliminate wasted current consumption on unused pins.
Finished building target: "Lab04.out"
 

**** Build Finished ****
