
**** Build of configuration Debug for project Lab08 ****

"D:\\ti\\ccs1010\\ccs\\utils\\bin\\gmake" -k -j 6 all -O 
 
Building file: "../main.c"
Invoking: MSP430 Compiler
"D:/ti/ccs1010/ccs/tools/compiler/ti-cgt-msp430_20.2.2.LTS/bin/cl430" -vmspx --data_model=restricted --use_hw_mpy=F5 --include_path="D:/ti/ccs1010/ccs/ccs_base/msp430/include" --include_path="C:/Users/Noah/Desktop/Embedded Systems/Lab08/Lab08" --include_path="D:/ti/ccs1010/ccs/tools/compiler/ti-cgt-msp430_20.2.2.LTS/include" --advice:power=all --advice:hw_config=all --define=__MSP430FR6989__ --define=_MPU_ENABLE -g --printf_support=minimal --diag_warning=225 --diag_wrap=off --display_error_number --silicon_errata=CPU21 --silicon_errata=CPU22 --silicon_errata=CPU40 --preproc_with_compile --preproc_dependency="main.d_raw"  "../main.c"
 
>> Compilation failure
subdir_rules.mk:9: recipe for target 'main.obj' failed
"../main.c", line 19: error #66: expected a ";"
"../main.c", line 30: error #20: identifier "P9PUT" is undefined
"../main.c", line 34: error #20: identifier "i" is undefined
"../main.c", line 38: warning #112-D: statement is unreachable
"../main.c", line 29: remark #1540-D: (ULP 11.2) Assignment of higher bits (constants) to "PEOUT_L" within a loop. Recommend using lower 4 bits to allow use of constant generators
"../main.c", line 26: remark #1544-D: (ULP 13.1) Detected loop counting up. Recommend loops count down as detecting zeros is easier
"../main.c", line 29: remark #1540-D: (ULP 11.2) Assignment of higher bits (constants) to "PEOUT_L" within a loop. Recommend using lower 4 bits to allow use of constant generators
"../main.c", line 34: remark #1527-D: (ULP 2.1) Detected SW delay loop using empty loop. Recommend using a timer module instead
"../main.c", line 46: error #66: expected a ";"
"../main.c", line 47: warning #551-D: variable "temp" is used before its value is set
"../main.c", line 52: error #20: identifier "UCTXFIG" is undefined
"../main.c", line 52: remark #1527-D: (ULP 2.1) Detected SW delay loop using empty loop. Recommend using a timer module instead
5 errors detected in the compilation of "../main.c".
gmake: *** [main.obj] Error 1
gmake: Target 'all' not remade because of errors.

**** Build Finished ****

**** Build of configuration Debug for project Lab08 ****

"D:\\ti\\ccs1010\\ccs\\utils\\bin\\gmake" -k -j 6 all -O 
 
Building file: "../main.c"
Invoking: MSP430 Compiler
"D:/ti/ccs1010/ccs/tools/compiler/ti-cgt-msp430_20.2.2.LTS/bin/cl430" -vmspx --data_model=restricted --use_hw_mpy=F5 --include_path="D:/ti/ccs1010/ccs/ccs_base/msp430/include" --include_path="C:/Users/Noah/Desktop/Embedded Systems/Lab08/Lab08" --include_path="D:/ti/ccs1010/ccs/tools/compiler/ti-cgt-msp430_20.2.2.LTS/include" --advice:power=all --advice:hw_config=all --define=__MSP430FR6989__ --define=_MPU_ENABLE -g --printf_support=minimal --diag_warning=225 --diag_wrap=off --display_error_number --silicon_errata=CPU21 --silicon_errata=CPU22 --silicon_errata=CPU40 --preproc_with_compile --preproc_dependency="main.d_raw"  "../main.c"
 
>> Compilation failure
subdir_rules.mk:9: recipe for target 'main.obj' failed
"../main.c", line 19: error #66: expected a ";"
"../main.c", line 30: error #20: identifier "P9PUT" is undefined
"../main.c", line 34: error #20: identifier "i" is undefined
"../main.c", line 38: warning #112-D: statement is unreachable
"../main.c", line 29: remark #1540-D: (ULP 11.2) Assignment of higher bits (constants) to "PEOUT_L" within a loop. Recommend using lower 4 bits to allow use of constant generators
"../main.c", line 26: remark #1544-D: (ULP 13.1) Detected loop counting up. Recommend loops count down as detecting zeros is easier
"../main.c", line 29: remark #1540-D: (ULP 11.2) Assignment of higher bits (constants) to "PEOUT_L" within a loop. Recommend using lower 4 bits to allow use of constant generators
"../main.c", line 34: remark #1527-D: (ULP 2.1) Detected SW delay loop using empty loop. Recommend using a timer module instead
"../main.c", line 46: error #66: expected a ";"
"../main.c", line 47: warning #551-D: variable "temp" is used before its value is set
"../main.c", line 52: error #20: identifier "UCTXFIG" is undefined
"../main.c", line 52: remark #1527-D: (ULP 2.1) Detected SW delay loop using empty loop. Recommend using a timer module instead
5 errors detected in the compilation of "../main.c".
gmake: *** [main.obj] Error 1
gmake: Target 'all' not remade because of errors.

**** Build Finished ****

**** Build of configuration Debug for project Lab08 ****

"D:\\ti\\ccs1010\\ccs\\utils\\bin\\gmake" -k -j 6 all -O 
 
Building file: "../main.c"
Invoking: MSP430 Compiler
"D:/ti/ccs1010/ccs/tools/compiler/ti-cgt-msp430_20.2.2.LTS/bin/cl430" -vmspx --data_model=restricted --use_hw_mpy=F5 --include_path="D:/ti/ccs1010/ccs/ccs_base/msp430/include" --include_path="C:/Users/Noah/Desktop/Embedded Systems/Lab08/Lab08" --include_path="D:/ti/ccs1010/ccs/tools/compiler/ti-cgt-msp430_20.2.2.LTS/include" --advice:power=all --advice:hw_config=all --define=__MSP430FR6989__ --define=_MPU_ENABLE -g --printf_support=minimal --diag_warning=225 --diag_wrap=off --display_error_number --silicon_errata=CPU21 --silicon_errata=CPU22 --silicon_errata=CPU40 --preproc_with_compile --preproc_dependency="main.d_raw"  "../main.c"
 
>> Compilation failure
subdir_rules.mk:9: recipe for target 'main.obj' failed
"../main.c", line 38: warning #112-D: statement is unreachable
"../main.c", line 29: remark #1540-D: (ULP 11.2) Assignment of higher bits (constants) to "PEOUT_L" within a loop. Recommend using lower 4 bits to allow use of constant generators
"../main.c", line 26: remark #1544-D: (ULP 13.1) Detected loop counting up. Recommend loops count down as detecting zeros is easier
"../main.c", line 29: remark #1540-D: (ULP 11.2) Assignment of higher bits (constants) to "PEOUT_L" within a loop. Recommend using lower 4 bits to allow use of constant generators
"../main.c", line 34: remark #1544-D: (ULP 13.1) Detected loop counting up. Recommend loops count down as detecting zeros is easier
"../main.c", line 34: remark #1527-D: (ULP 2.1) Detected SW delay loop using empty loop. Recommend using a timer module instead
"../main.c", line 46: error #66: expected a ";"
"../main.c", line 47: warning #551-D: variable "temp" is used before its value is set
"../main.c", line 52: error #20: identifier "UCTXFIG" is undefined
"../main.c", line 52: remark #1527-D: (ULP 2.1) Detected SW delay loop using empty loop. Recommend using a timer module instead
2 errors detected in the compilation of "../main.c".
gmake: *** [main.obj] Error 1
gmake: Target 'all' not remade because of errors.

**** Build Finished ****

**** Build of configuration Debug for project Lab08 ****

"D:\\ti\\ccs1010\\ccs\\utils\\bin\\gmake" -k -j 6 all -O 
 
Building file: "../main.c"
Invoking: MSP430 Compiler
"D:/ti/ccs1010/ccs/tools/compiler/ti-cgt-msp430_20.2.2.LTS/bin/cl430" -vmspx --data_model=restricted --use_hw_mpy=F5 --include_path="D:/ti/ccs1010/ccs/ccs_base/msp430/include" --include_path="C:/Users/Noah/Desktop/Embedded Systems/Lab08/Lab08" --include_path="D:/ti/ccs1010/ccs/tools/compiler/ti-cgt-msp430_20.2.2.LTS/include" --advice:power=all --advice:hw_config=all --define=__MSP430FR6989__ --define=_MPU_ENABLE -g --printf_support=minimal --diag_warning=225 --diag_wrap=off --display_error_number --silicon_errata=CPU21 --silicon_errata=CPU22 --silicon_errata=CPU40 --preproc_with_compile --preproc_dependency="main.d_raw"  "../main.c"
 
>> Compilation failure
subdir_rules.mk:9: recipe for target 'main.obj' failed
"../main.c", line 29: remark #1540-D: (ULP 11.2) Assignment of higher bits (constants) to "PEOUT_L" within a loop. Recommend using lower 4 bits to allow use of constant generators
"../main.c", line 26: remark #1544-D: (ULP 13.1) Detected loop counting up. Recommend loops count down as detecting zeros is easier
"../main.c", line 29: remark #1540-D: (ULP 11.2) Assignment of higher bits (constants) to "PEOUT_L" within a loop. Recommend using lower 4 bits to allow use of constant generators
"../main.c", line 34: remark #1544-D: (ULP 13.1) Detected loop counting up. Recommend loops count down as detecting zeros is easier
"../main.c", line 34: remark #1527-D: (ULP 2.1) Detected SW delay loop using empty loop. Recommend using a timer module instead
"../main.c", line 44: error #66: expected a ";"
"../main.c", line 50: error #20: identifier "UCTXFIG" is undefined
"../main.c", line 50: remark #1527-D: (ULP 2.1) Detected SW delay loop using empty loop. Recommend using a timer module instead
2 errors detected in the compilation of "../main.c".
gmake: *** [main.obj] Error 1
gmake: Target 'all' not remade because of errors.

**** Build Finished ****

**** Build of configuration Debug for project Lab08 ****

"D:\\ti\\ccs1010\\ccs\\utils\\bin\\gmake" -k -j 6 all -O 
 
Building file: "../main.c"
Invoking: MSP430 Compiler
"D:/ti/ccs1010/ccs/tools/compiler/ti-cgt-msp430_20.2.2.LTS/bin/cl430" -vmspx --data_model=restricted --use_hw_mpy=F5 --include_path="D:/ti/ccs1010/ccs/ccs_base/msp430/include" --include_path="C:/Users/Noah/Desktop/Embedded Systems/Lab08/Lab08" --include_path="D:/ti/ccs1010/ccs/tools/compiler/ti-cgt-msp430_20.2.2.LTS/include" --advice:power=all --advice:hw_config=all --define=__MSP430FR6989__ --define=_MPU_ENABLE -g --printf_support=minimal --diag_warning=225 --diag_wrap=off --display_error_number --silicon_errata=CPU21 --silicon_errata=CPU22 --silicon_errata=CPU40 --preproc_with_compile --preproc_dependency="main.d_raw"  "../main.c"
 
>> Compilation failure
subdir_rules.mk:9: recipe for target 'main.obj' failed
"../main.c", line 29: remark #1540-D: (ULP 11.2) Assignment of higher bits (constants) to "PEOUT_L" within a loop. Recommend using lower 4 bits to allow use of constant generators
"../main.c", line 26: remark #1544-D: (ULP 13.1) Detected loop counting up. Recommend loops count down as detecting zeros is easier
"../main.c", line 29: remark #1540-D: (ULP 11.2) Assignment of higher bits (constants) to "PEOUT_L" within a loop. Recommend using lower 4 bits to allow use of constant generators
"../main.c", line 34: remark #1544-D: (ULP 13.1) Detected loop counting up. Recommend loops count down as detecting zeros is easier
"../main.c", line 34: remark #1527-D: (ULP 2.1) Detected SW delay loop using empty loop. Recommend using a timer module instead
"../main.c", line 50: error #20: identifier "UCTXFIG" is undefined
"../main.c", line 50: remark #1527-D: (ULP 2.1) Detected SW delay loop using empty loop. Recommend using a timer module instead
1 error detected in the compilation of "../main.c".
gmake: *** [main.obj] Error 1
gmake: Target 'all' not remade because of errors.

**** Build Finished ****

**** Build of configuration Debug for project Lab08 ****

"D:\\ti\\ccs1010\\ccs\\utils\\bin\\gmake" -k -j 6 all -O 
 
Building file: "../main.c"
Invoking: MSP430 Compiler
"D:/ti/ccs1010/ccs/tools/compiler/ti-cgt-msp430_20.2.2.LTS/bin/cl430" -vmspx --data_model=restricted --use_hw_mpy=F5 --include_path="D:/ti/ccs1010/ccs/ccs_base/msp430/include" --include_path="C:/Users/Noah/Desktop/Embedded Systems/Lab08/Lab08" --include_path="D:/ti/ccs1010/ccs/tools/compiler/ti-cgt-msp430_20.2.2.LTS/include" --advice:power=all --advice:hw_config=all --define=__MSP430FR6989__ --define=_MPU_ENABLE -g --printf_support=minimal --diag_warning=225 --diag_wrap=off --display_error_number --silicon_errata=CPU21 --silicon_errata=CPU22 --silicon_errata=CPU40 --preproc_with_compile --preproc_dependency="main.d_raw"  "../main.c"
 
>> Compilation failure
subdir_rules.mk:9: recipe for target 'main.obj' failed
"../main.c", line 29: remark #1540-D: (ULP 11.2) Assignment of higher bits (constants) to "PEOUT_L" within a loop. Recommend using lower 4 bits to allow use of constant generators
"../main.c", line 26: remark #1544-D: (ULP 13.1) Detected loop counting up. Recommend loops count down as detecting zeros is easier
"../main.c", line 29: remark #1540-D: (ULP 11.2) Assignment of higher bits (constants) to "PEOUT_L" within a loop. Recommend using lower 4 bits to allow use of constant generators
"../main.c", line 34: remark #1544-D: (ULP 13.1) Detected loop counting up. Recommend loops count down as detecting zeros is easier
"../main.c", line 34: remark #1527-D: (ULP 2.1) Detected SW delay loop using empty loop. Recommend using a timer module instead
"../main.c", line 50: error #20: identifier "UCTXFIG" is undefined
"../main.c", line 50: remark #1527-D: (ULP 2.1) Detected SW delay loop using empty loop. Recommend using a timer module instead
1 error detected in the compilation of "../main.c".
gmake: *** [main.obj] Error 1
gmake: Target 'all' not remade because of errors.

**** Build Finished ****

**** Build of configuration Debug for project Lab08 ****

"D:\\ti\\ccs1010\\ccs\\utils\\bin\\gmake" -k -j 6 all -O 
 
Building file: "../main.c"
Invoking: MSP430 Compiler
"D:/ti/ccs1010/ccs/tools/compiler/ti-cgt-msp430_20.2.2.LTS/bin/cl430" -vmspx --data_model=restricted --use_hw_mpy=F5 --include_path="D:/ti/ccs1010/ccs/ccs_base/msp430/include" --include_path="C:/Users/Noah/Desktop/Embedded Systems/Lab08/Lab08" --include_path="D:/ti/ccs1010/ccs/tools/compiler/ti-cgt-msp430_20.2.2.LTS/include" --advice:power=all --advice:hw_config=all --define=__MSP430FR6989__ --define=_MPU_ENABLE -g --printf_support=minimal --diag_warning=225 --diag_wrap=off --display_error_number --silicon_errata=CPU21 --silicon_errata=CPU22 --silicon_errata=CPU40 --preproc_with_compile --preproc_dependency="main.d_raw"  "../main.c"
 
>> Compilation failure
subdir_rules.mk:9: recipe for target 'main.obj' failed
"../main.c", line 29: remark #1540-D: (ULP 11.2) Assignment of higher bits (constants) to "PEOUT_L" within a loop. Recommend using lower 4 bits to allow use of constant generators
"../main.c", line 26: remark #1544-D: (ULP 13.1) Detected loop counting up. Recommend loops count down as detecting zeros is easier
"../main.c", line 29: remark #1540-D: (ULP 11.2) Assignment of higher bits (constants) to "PEOUT_L" within a loop. Recommend using lower 4 bits to allow use of constant generators
"../main.c", line 34: remark #1544-D: (ULP 13.1) Detected loop counting up. Recommend loops count down as detecting zeros is easier
"../main.c", line 34: remark #1527-D: (ULP 2.1) Detected SW delay loop using empty loop. Recommend using a timer module instead
"../main.c", line 50: error #20: identifier "UCTXFIG" is undefined
"../main.c", line 50: remark #1527-D: (ULP 2.1) Detected SW delay loop using empty loop. Recommend using a timer module instead
1 error detected in the compilation of "../main.c".
gmake: *** [main.obj] Error 1
gmake: Target 'all' not remade because of errors.

**** Build Finished ****

**** Build of configuration Debug for project Lab08 ****

"D:\\ti\\ccs1010\\ccs\\utils\\bin\\gmake" -k -j 6 all -O 
 
Building file: "../main.c"
Invoking: MSP430 Compiler
"D:/ti/ccs1010/ccs/tools/compiler/ti-cgt-msp430_20.2.2.LTS/bin/cl430" -vmspx --data_model=restricted --use_hw_mpy=F5 --include_path="D:/ti/ccs1010/ccs/ccs_base/msp430/include" --include_path="C:/Users/Noah/Desktop/Embedded Systems/Lab08/Lab08" --include_path="D:/ti/ccs1010/ccs/tools/compiler/ti-cgt-msp430_20.2.2.LTS/include" --advice:power=all --advice:hw_config=all --define=__MSP430FR6989__ --define=_MPU_ENABLE -g --printf_support=minimal --diag_warning=225 --diag_wrap=off --display_error_number --silicon_errata=CPU21 --silicon_errata=CPU22 --silicon_errata=CPU40 --preproc_with_compile --preproc_dependency="main.d_raw"  "../main.c"
 
>> Compilation failure
subdir_rules.mk:9: recipe for target 'main.obj' failed
"../main.c", line 29: remark #1540-D: (ULP 11.2) Assignment of higher bits (constants) to "PEOUT_L" within a loop. Recommend using lower 4 bits to allow use of constant generators
"../main.c", line 26: remark #1544-D: (ULP 13.1) Detected loop counting up. Recommend loops count down as detecting zeros is easier
"../main.c", line 29: remark #1540-D: (ULP 11.2) Assignment of higher bits (constants) to "PEOUT_L" within a loop. Recommend using lower 4 bits to allow use of constant generators
"../main.c", line 34: remark #1544-D: (ULP 13.1) Detected loop counting up. Recommend loops count down as detecting zeros is easier
"../main.c", line 34: remark #1527-D: (ULP 2.1) Detected SW delay loop using empty loop. Recommend using a timer module instead
"../main.c", line 50: error #20: identifier "UCTXFIG" is undefined
"../main.c", line 50: remark #1527-D: (ULP 2.1) Detected SW delay loop using empty loop. Recommend using a timer module instead
1 error detected in the compilation of "../main.c".
gmake: *** [main.obj] Error 1
gmake: Target 'all' not remade because of errors.

**** Build Finished ****

**** Build of configuration Debug for project Lab08 ****

"D:\\ti\\ccs1010\\ccs\\utils\\bin\\gmake" -k -j 6 all -O 
 
Building file: "../main.c"
Invoking: MSP430 Compiler
"D:/ti/ccs1010/ccs/tools/compiler/ti-cgt-msp430_20.2.2.LTS/bin/cl430" -vmspx --data_model=restricted --use_hw_mpy=F5 --include_path="D:/ti/ccs1010/ccs/ccs_base/msp430/include" --include_path="C:/Users/Noah/Desktop/Embedded Systems/Lab08/Lab08" --include_path="D:/ti/ccs1010/ccs/tools/compiler/ti-cgt-msp430_20.2.2.LTS/include" --advice:power=all --advice:hw_config=all --define=__MSP430FR6989__ --define=_MPU_ENABLE -g --printf_support=minimal --diag_warning=225 --diag_wrap=off --display_error_number --silicon_errata=CPU21 --silicon_errata=CPU22 --silicon_errata=CPU40 --preproc_with_compile --preproc_dependency="main.d_raw"  "../main.c"
"../main.c", line 29: remark #1540-D: (ULP 11.2) Assignment of higher bits (constants) to "PEOUT_L" within a loop. Recommend using lower 4 bits to allow use of constant generators
"../main.c", line 26: remark #1544-D: (ULP 13.1) Detected loop counting up. Recommend loops count down as detecting zeros is easier
"../main.c", line 29: remark #1540-D: (ULP 11.2) Assignment of higher bits (constants) to "PEOUT_L" within a loop. Recommend using lower 4 bits to allow use of constant generators
"../main.c", line 34: remark #1544-D: (ULP 13.1) Detected loop counting up. Recommend loops count down as detecting zeros is easier
"../main.c", line 34: remark #1527-D: (ULP 2.1) Detected SW delay loop using empty loop. Recommend using a timer module instead
"../main.c", line 50: remark #1528-D: (ULP 3.1) Detected flag polling using UCA1IFG. Recommend using an interrupt combined with enter LPMx and ISR
Finished building: "../main.c"
 
Building target: "Lab08.out"
Invoking: MSP430 Linker
"D:/ti/ccs1010/ccs/tools/compiler/ti-cgt-msp430_20.2.2.LTS/bin/cl430" -vmspx --data_model=restricted --use_hw_mpy=F5 --advice:power=all --advice:hw_config=all --define=__MSP430FR6989__ --define=_MPU_ENABLE -g --printf_support=minimal --diag_warning=225 --diag_wrap=off --display_error_number --silicon_errata=CPU21 --silicon_errata=CPU22 --silicon_errata=CPU40 -z -m"Lab08.map" --heap_size=160 --stack_size=160 --cinit_hold_wdt=on -i"D:/ti/ccs1010/ccs/ccs_base/msp430/include" -i"D:/ti/ccs1010/ccs/ccs_base/msp430/lib/5xx_6xx_FRxx" -i"D:/ti/ccs1010/ccs/ccs_base/msp430/lib/FR59xx" -i"D:/ti/ccs1010/ccs/tools/compiler/ti-cgt-msp430_20.2.2.LTS/lib" -i"D:/ti/ccs1010/ccs/tools/compiler/ti-cgt-msp430_20.2.2.LTS/include" --priority --reread_libs --define=_MPU_ENABLE --diag_wrap=off --display_error_number --warn_sections --xml_link_info="Lab08_linkInfo.xml" --use_hw_mpy=F5 --rom_model -o "Lab08.out" "./main.obj" "../lnk_msp430fr6989.cmd"  -llibmpu_init.a -llibmath.a -llibc.a 
<Linking>
remark #10371-D: (ULP 1.1) Detected no uses of low power mode state changing instructions
remark #10372-D: (ULP 4.1) Detected uninitialized Port A in this project. Recommend initializing all unused ports to eliminate wasted current consumption on unused pins.
remark #10372-D: (ULP 4.1) Detected uninitialized Port B in this project. Recommend initializing all unused ports to eliminate wasted current consumption on unused pins.
remark #10372-D: (ULP 4.1) Detected uninitialized Port C in this project. Recommend initializing all unused ports to eliminate wasted current consumption on unused pins.
remark #10372-D: (ULP 4.1) Detected uninitialized Port D in this project. Recommend initializing all unused ports to eliminate wasted current consumption on unused pins.
remark #10372-D: (ULP 4.1) Detected uninitialized Port E in this project. Recommend initializing all unused ports to eliminate wasted current consumption on unused pins.
Finished building target: "Lab08.out"
 

**** Build Finished ****

**** Build of configuration Debug for project Lab08 ****

"D:\\ti\\ccs1010\\ccs\\utils\\bin\\gmake" -k -j 6 all -O 
 
gmake[1]: 'Lab08.out' is up to date.

**** Build Finished ****

**** Build of configuration Debug for project Lab08 ****

"D:\\ti\\ccs1010\\ccs\\utils\\bin\\gmake" -k -j 6 all -O 
 
gmake[1]: 'Lab08.out' is up to date.

**** Build Finished ****

**** Build of configuration Debug for project Lab08 ****

"D:\\ti\\ccs1010\\ccs\\utils\\bin\\gmake" -k -j 6 all -O 
 
gmake[1]: 'Lab08.out' is up to date.

**** Build Finished ****

**** Build of configuration Debug for project Lab08 ****

"D:\\ti\\ccs1010\\ccs\\utils\\bin\\gmake" -k -j 6 all -O 
 
Building file: "../main.c"
Invoking: MSP430 Compiler
"D:/ti/ccs1010/ccs/tools/compiler/ti-cgt-msp430_20.2.2.LTS/bin/cl430" -vmspx --data_model=restricted --use_hw_mpy=F5 --include_path="D:/ti/ccs1010/ccs/ccs_base/msp430/include" --include_path="C:/Users/Noah/Desktop/Embedded Systems/Lab08/Lab08" --include_path="D:/ti/ccs1010/ccs/tools/compiler/ti-cgt-msp430_20.2.2.LTS/include" --advice:power=all --advice:hw_config=all --define=__MSP430FR6989__ --define=_MPU_ENABLE -g --printf_support=minimal --diag_warning=225 --diag_wrap=off --display_error_number --silicon_errata=CPU21 --silicon_errata=CPU22 --silicon_errata=CPU40 --preproc_with_compile --preproc_dependency="main.d_raw"  "../main.c"
 
>> Compilation failure
subdir_rules.mk:9: recipe for target 'main.obj' failed
"../main.c", line 89: warning #1923-D: too many characters in character literal -- extra leading characters ignored
"../main.c", line 91: error #167: too few arguments in function call
"../main.c", line 89: remark #1544-D: (ULP 13.1) Detected loop counting up. Recommend loops count down as detecting zeros is easier
"../main.c", line 92: remark #1544-D: (ULP 13.1) Detected loop counting up. Recommend loops count down as detecting zeros is easier
"../main.c", line 92: remark #1527-D: (ULP 2.1) Detected SW delay loop using empty loop. Recommend using a timer module instead
"../main.c", line 108: remark #1528-D: (ULP 3.1) Detected flag polling using UCA1IFG. Recommend using an interrupt combined with enter LPMx and ISR
"../main.c", line 111: error #142-D: unnamed prototyped parameters not allowed when body is present
"../main.c", line 113: remark #1528-D: (ULP 3.1) Detected flag polling using UCA1IFG. Recommend using an interrupt combined with enter LPMx and ISR
"../main.c", line 114: error #29: expected an expression
3 errors detected in the compilation of "../main.c".
gmake: *** [main.obj] Error 1
gmake: Target 'all' not remade because of errors.

**** Build Finished ****

**** Build of configuration Debug for project Lab08 ****

"D:\\ti\\ccs1010\\ccs\\utils\\bin\\gmake" -k -j 6 all -O 
 
Building file: "../main.c"
Invoking: MSP430 Compiler
"D:/ti/ccs1010/ccs/tools/compiler/ti-cgt-msp430_20.2.2.LTS/bin/cl430" -vmspx --data_model=restricted --use_hw_mpy=F5 --include_path="D:/ti/ccs1010/ccs/ccs_base/msp430/include" --include_path="C:/Users/Noah/Desktop/Embedded Systems/Lab08/Lab08" --include_path="D:/ti/ccs1010/ccs/tools/compiler/ti-cgt-msp430_20.2.2.LTS/include" --advice:power=all --advice:hw_config=all --define=__MSP430FR6989__ --define=_MPU_ENABLE -g --printf_support=minimal --diag_warning=225 --diag_wrap=off --display_error_number --silicon_errata=CPU21 --silicon_errata=CPU22 --silicon_errata=CPU40 --preproc_with_compile --preproc_dependency="main.d_raw"  "../main.c"
 
>> Compilation failure
subdir_rules.mk:9: recipe for target 'main.obj' failed
"../main.c", line 89: warning #1923-D: too many characters in character literal -- extra leading characters ignored
"../main.c", line 89: remark #1544-D: (ULP 13.1) Detected loop counting up. Recommend loops count down as detecting zeros is easier
"../main.c", line 92: remark #1544-D: (ULP 13.1) Detected loop counting up. Recommend loops count down as detecting zeros is easier
"../main.c", line 92: remark #1527-D: (ULP 2.1) Detected SW delay loop using empty loop. Recommend using a timer module instead
"../main.c", line 108: remark #1528-D: (ULP 3.1) Detected flag polling using UCA1IFG. Recommend using an interrupt combined with enter LPMx and ISR
"../main.c", line 111: error #142-D: unnamed prototyped parameters not allowed when body is present
"../main.c", line 113: remark #1528-D: (ULP 3.1) Detected flag polling using UCA1IFG. Recommend using an interrupt combined with enter LPMx and ISR
"../main.c", line 114: error #20: identifier "i" is undefined
2 errors detected in the compilation of "../main.c".
gmake: *** [main.obj] Error 1
gmake: Target 'all' not remade because of errors.

**** Build Finished ****

**** Build of configuration Debug for project Lab08 ****

"D:\\ti\\ccs1010\\ccs\\utils\\bin\\gmake" -k -j 6 all -O 
 
Building file: "../main.c"
Invoking: MSP430 Compiler
"D:/ti/ccs1010/ccs/tools/compiler/ti-cgt-msp430_20.2.2.LTS/bin/cl430" -vmspx --data_model=restricted --use_hw_mpy=F5 --include_path="D:/ti/ccs1010/ccs/ccs_base/msp430/include" --include_path="C:/Users/Noah/Desktop/Embedded Systems/Lab08/Lab08" --include_path="D:/ti/ccs1010/ccs/tools/compiler/ti-cgt-msp430_20.2.2.LTS/include" --advice:power=all --advice:hw_config=all --define=__MSP430FR6989__ --define=_MPU_ENABLE -g --printf_support=minimal --diag_warning=225 --diag_wrap=off --display_error_number --silicon_errata=CPU21 --silicon_errata=CPU22 --silicon_errata=CPU40 --preproc_with_compile --preproc_dependency="main.d_raw"  "../main.c"
"../main.c", line 89: warning #1923-D: too many characters in character literal -- extra leading characters ignored
"../main.c", line 89: remark #1544-D: (ULP 13.1) Detected loop counting up. Recommend loops count down as detecting zeros is easier
"../main.c", line 92: remark #1544-D: (ULP 13.1) Detected loop counting up. Recommend loops count down as detecting zeros is easier
"../main.c", line 92: remark #1527-D: (ULP 2.1) Detected SW delay loop using empty loop. Recommend using a timer module instead
"../main.c", line 108: remark #1528-D: (ULP 3.1) Detected flag polling using UCA1IFG. Recommend using an interrupt combined with enter LPMx and ISR
"../main.c", line 113: remark #1528-D: (ULP 3.1) Detected flag polling using UCA1IFG. Recommend using an interrupt combined with enter LPMx and ISR
Finished building: "../main.c"
 
Building target: "Lab08.out"
Invoking: MSP430 Linker
"D:/ti/ccs1010/ccs/tools/compiler/ti-cgt-msp430_20.2.2.LTS/bin/cl430" -vmspx --data_model=restricted --use_hw_mpy=F5 --advice:power=all --advice:hw_config=all --define=__MSP430FR6989__ --define=_MPU_ENABLE -g --printf_support=minimal --diag_warning=225 --diag_wrap=off --display_error_number --silicon_errata=CPU21 --silicon_errata=CPU22 --silicon_errata=CPU40 -z -m"Lab08.map" --heap_size=160 --stack_size=160 --cinit_hold_wdt=on -i"D:/ti/ccs1010/ccs/ccs_base/msp430/include" -i"D:/ti/ccs1010/ccs/ccs_base/msp430/lib/5xx_6xx_FRxx" -i"D:/ti/ccs1010/ccs/ccs_base/msp430/lib/FR59xx" -i"D:/ti/ccs1010/ccs/tools/compiler/ti-cgt-msp430_20.2.2.LTS/lib" -i"D:/ti/ccs1010/ccs/tools/compiler/ti-cgt-msp430_20.2.2.LTS/include" --priority --reread_libs --define=_MPU_ENABLE --diag_wrap=off --display_error_number --warn_sections --xml_link_info="Lab08_linkInfo.xml" --use_hw_mpy=F5 --rom_model -o "Lab08.out" "./main.obj" "../lnk_msp430fr6989.cmd"  -llibmpu_init.a -llibmath.a -llibc.a 
<Linking>
remark #10371-D: (ULP 1.1) Detected no uses of low power mode state changing instructions
remark #10372-D: (ULP 4.1) Detected uninitialized Port A in this project. Recommend initializing all unused ports to eliminate wasted current consumption on unused pins.
remark #10372-D: (ULP 4.1) Detected uninitialized Port B in this project. Recommend initializing all unused ports to eliminate wasted current consumption on unused pins.
remark #10372-D: (ULP 4.1) Detected uninitialized Port C in this project. Recommend initializing all unused ports to eliminate wasted current consumption on unused pins.
remark #10372-D: (ULP 4.1) Detected uninitialized Port D in this project. Recommend initializing all unused ports to eliminate wasted current consumption on unused pins.
remark #10372-D: (ULP 4.1) Detected uninitialized Port E in this project. Recommend initializing all unused ports to eliminate wasted current consumption on unused pins.
Finished building target: "Lab08.out"
 

**** Build Finished ****

**** Build of configuration Debug for project Lab08 ****

"D:\\ti\\ccs1010\\ccs\\utils\\bin\\gmake" -k -j 6 all -O 
 
Building file: "../main.c"
Invoking: MSP430 Compiler
"D:/ti/ccs1010/ccs/tools/compiler/ti-cgt-msp430_20.2.2.LTS/bin/cl430" -vmspx --data_model=restricted --use_hw_mpy=F5 --include_path="D:/ti/ccs1010/ccs/ccs_base/msp430/include" --include_path="C:/Users/Noah/Desktop/Embedded Systems/Lab08/Lab08" --include_path="D:/ti/ccs1010/ccs/tools/compiler/ti-cgt-msp430_20.2.2.LTS/include" --advice:power=all --advice:hw_config=all --define=__MSP430FR6989__ --define=_MPU_ENABLE -g --printf_support=minimal --diag_warning=225 --diag_wrap=off --display_error_number --silicon_errata=CPU21 --silicon_errata=CPU22 --silicon_errata=CPU40 --preproc_with_compile --preproc_dependency="main.d_raw"  "../main.c"
"../main.c", line 89: warning #1923-D: too many characters in character literal -- extra leading characters ignored
"../main.c", line 93: warning #70-D: integer conversion resulted in truncation
"../main.c", line 93: warning #189-D: use of "=" where "==" may have been intended
"../main.c", line 89: remark #1544-D: (ULP 13.1) Detected loop counting up. Recommend loops count down as detecting zeros is easier
"../main.c", line 92: remark #1544-D: (ULP 13.1) Detected loop counting up. Recommend loops count down as detecting zeros is easier
"../main.c", line 92: remark #1527-D: (ULP 2.1) Detected SW delay loop using empty loop. Recommend using a timer module instead
"../main.c", line 112: remark #1528-D: (ULP 3.1) Detected flag polling using UCA1IFG. Recommend using an interrupt combined with enter LPMx and ISR
"../main.c", line 117: remark #1528-D: (ULP 3.1) Detected flag polling using UCA1IFG. Recommend using an interrupt combined with enter LPMx and ISR
Finished building: "../main.c"
 
Building target: "Lab08.out"
Invoking: MSP430 Linker
"D:/ti/ccs1010/ccs/tools/compiler/ti-cgt-msp430_20.2.2.LTS/bin/cl430" -vmspx --data_model=restricted --use_hw_mpy=F5 --advice:power=all --advice:hw_config=all --define=__MSP430FR6989__ --define=_MPU_ENABLE -g --printf_support=minimal --diag_warning=225 --diag_wrap=off --display_error_number --silicon_errata=CPU21 --silicon_errata=CPU22 --silicon_errata=CPU40 -z -m"Lab08.map" --heap_size=160 --stack_size=160 --cinit_hold_wdt=on -i"D:/ti/ccs1010/ccs/ccs_base/msp430/include" -i"D:/ti/ccs1010/ccs/ccs_base/msp430/lib/5xx_6xx_FRxx" -i"D:/ti/ccs1010/ccs/ccs_base/msp430/lib/FR59xx" -i"D:/ti/ccs1010/ccs/tools/compiler/ti-cgt-msp430_20.2.2.LTS/lib" -i"D:/ti/ccs1010/ccs/tools/compiler/ti-cgt-msp430_20.2.2.LTS/include" --priority --reread_libs --define=_MPU_ENABLE --diag_wrap=off --display_error_number --warn_sections --xml_link_info="Lab08_linkInfo.xml" --use_hw_mpy=F5 --rom_model -o "Lab08.out" "./main.obj" "../lnk_msp430fr6989.cmd"  -llibmpu_init.a -llibmath.a -llibc.a 
<Linking>
remark #10371-D: (ULP 1.1) Detected no uses of low power mode state changing instructions
remark #10372-D: (ULP 4.1) Detected uninitialized Port A in this project. Recommend initializing all unused ports to eliminate wasted current consumption on unused pins.
remark #10372-D: (ULP 4.1) Detected uninitialized Port B in this project. Recommend initializing all unused ports to eliminate wasted current consumption on unused pins.
remark #10372-D: (ULP 4.1) Detected uninitialized Port C in this project. Recommend initializing all unused ports to eliminate wasted current consumption on unused pins.
remark #10372-D: (ULP 4.1) Detected uninitialized Port D in this project. Recommend initializing all unused ports to eliminate wasted current consumption on unused pins.
remark #10372-D: (ULP 4.1) Detected uninitialized Port E in this project. Recommend initializing all unused ports to eliminate wasted current consumption on unused pins.
Finished building target: "Lab08.out"
 

**** Build Finished ****

**** Build of configuration Debug for project Lab08 ****

"D:\\ti\\ccs1010\\ccs\\utils\\bin\\gmake" -k -j 6 all -O 
 
Building file: "../main.c"
Invoking: MSP430 Compiler
"D:/ti/ccs1010/ccs/tools/compiler/ti-cgt-msp430_20.2.2.LTS/bin/cl430" -vmspx --data_model=restricted --use_hw_mpy=F5 --include_path="D:/ti/ccs1010/ccs/ccs_base/msp430/include" --include_path="C:/Users/Noah/Desktop/Embedded Systems/Lab08/Lab08" --include_path="D:/ti/ccs1010/ccs/tools/compiler/ti-cgt-msp430_20.2.2.LTS/include" --advice:power=all --advice:hw_config=all --define=__MSP430FR6989__ --define=_MPU_ENABLE -g --printf_support=minimal --diag_warning=225 --diag_wrap=off --display_error_number --silicon_errata=CPU21 --silicon_errata=CPU22 --silicon_errata=CPU40 --preproc_with_compile --preproc_dependency="main.d_raw"  "../main.c"
"../main.c", line 29: remark #1540-D: (ULP 11.2) Assignment of higher bits (constants) to "PEOUT_L" within a loop. Recommend using lower 4 bits to allow use of constant generators
"../main.c", line 26: remark #1544-D: (ULP 13.1) Detected loop counting up. Recommend loops count down as detecting zeros is easier
"../main.c", line 29: remark #1540-D: (ULP 11.2) Assignment of higher bits (constants) to "PEOUT_L" within a loop. Recommend using lower 4 bits to allow use of constant generators
"../main.c", line 34: remark #1544-D: (ULP 13.1) Detected loop counting up. Recommend loops count down as detecting zeros is easier
"../main.c", line 34: remark #1527-D: (ULP 2.1) Detected SW delay loop using empty loop. Recommend using a timer module instead
"../main.c", line 51: remark #1528-D: (ULP 3.1) Detected flag polling using UCA1IFG. Recommend using an interrupt combined with enter LPMx and ISR
Finished building: "../main.c"
 
Building target: "Lab08.out"
Invoking: MSP430 Linker
"D:/ti/ccs1010/ccs/tools/compiler/ti-cgt-msp430_20.2.2.LTS/bin/cl430" -vmspx --data_model=restricted --use_hw_mpy=F5 --advice:power=all --advice:hw_config=all --define=__MSP430FR6989__ --define=_MPU_ENABLE -g --printf_support=minimal --diag_warning=225 --diag_wrap=off --display_error_number --silicon_errata=CPU21 --silicon_errata=CPU22 --silicon_errata=CPU40 -z -m"Lab08.map" --heap_size=160 --stack_size=160 --cinit_hold_wdt=on -i"D:/ti/ccs1010/ccs/ccs_base/msp430/include" -i"D:/ti/ccs1010/ccs/ccs_base/msp430/lib/5xx_6xx_FRxx" -i"D:/ti/ccs1010/ccs/ccs_base/msp430/lib/FR59xx" -i"D:/ti/ccs1010/ccs/tools/compiler/ti-cgt-msp430_20.2.2.LTS/lib" -i"D:/ti/ccs1010/ccs/tools/compiler/ti-cgt-msp430_20.2.2.LTS/include" --priority --reread_libs --define=_MPU_ENABLE --diag_wrap=off --display_error_number --warn_sections --xml_link_info="Lab08_linkInfo.xml" --use_hw_mpy=F5 --rom_model -o "Lab08.out" "./main.obj" "../lnk_msp430fr6989.cmd"  -llibmpu_init.a -llibmath.a -llibc.a 
<Linking>
remark #10371-D: (ULP 1.1) Detected no uses of low power mode state changing instructions
remark #10372-D: (ULP 4.1) Detected uninitialized Port A in this project. Recommend initializing all unused ports to eliminate wasted current consumption on unused pins.
remark #10372-D: (ULP 4.1) Detected uninitialized Port B in this project. Recommend initializing all unused ports to eliminate wasted current consumption on unused pins.
remark #10372-D: (ULP 4.1) Detected uninitialized Port C in this project. Recommend initializing all unused ports to eliminate wasted current consumption on unused pins.
remark #10372-D: (ULP 4.1) Detected uninitialized Port D in this project. Recommend initializing all unused ports to eliminate wasted current consumption on unused pins.
remark #10372-D: (ULP 4.1) Detected uninitialized Port E in this project. Recommend initializing all unused ports to eliminate wasted current consumption on unused pins.
Finished building target: "Lab08.out"
 

**** Build Finished ****

**** Build of configuration Debug for project Lab08 ****

"D:\\ti\\ccs1010\\ccs\\utils\\bin\\gmake" -k -j 6 all -O 
 
Building file: "../main.c"
Invoking: MSP430 Compiler
"D:/ti/ccs1010/ccs/tools/compiler/ti-cgt-msp430_20.2.2.LTS/bin/cl430" -vmspx --data_model=restricted --use_hw_mpy=F5 --include_path="D:/ti/ccs1010/ccs/ccs_base/msp430/include" --include_path="C:/Users/Noah/Desktop/Embedded Systems/Lab08/Lab08" --include_path="D:/ti/ccs1010/ccs/tools/compiler/ti-cgt-msp430_20.2.2.LTS/include" --advice:power=all --advice:hw_config=all --define=__MSP430FR6989__ --define=_MPU_ENABLE -g --printf_support=minimal --diag_warning=225 --diag_wrap=off --display_error_number --silicon_errata=CPU21 --silicon_errata=CPU22 --silicon_errata=CPU40 --preproc_with_compile --preproc_dependency="main.d_raw"  "../main.c"
 
>> Compilation failure
subdir_rules.mk:9: recipe for target 'main.obj' failed
"../main.c", line 29: remark #1540-D: (ULP 11.2) Assignment of higher bits (constants) to "PEOUT_L" within a loop. Recommend using lower 4 bits to allow use of constant generators
"../main.c", line 26: remark #1544-D: (ULP 13.1) Detected loop counting up. Recommend loops count down as detecting zeros is easier
"../main.c", line 29: remark #1540-D: (ULP 11.2) Assignment of higher bits (constants) to "PEOUT_L" within a loop. Recommend using lower 4 bits to allow use of constant generators
"../main.c", line 34: remark #1544-D: (ULP 13.1) Detected loop counting up. Recommend loops count down as detecting zeros is easier
"../main.c", line 34: remark #1527-D: (ULP 2.1) Detected SW delay loop using empty loop. Recommend using a timer module instead
"../main.c", line 53: remark #1528-D: (ULP 3.1) Detected flag polling using UCA1IFG. Recommend using an interrupt combined with enter LPMx and ISR
"../main.c", line 61: error #20: identifier "NULL" is undefined
1 error detected in the compilation of "../main.c".
gmake: *** [main.obj] Error 1
gmake: Target 'all' not remade because of errors.

**** Build Finished ****

**** Build of configuration Debug for project Lab08 ****

"D:\\ti\\ccs1010\\ccs\\utils\\bin\\gmake" -k -j 6 all -O 
 
Building file: "../main.c"
Invoking: MSP430 Compiler
"D:/ti/ccs1010/ccs/tools/compiler/ti-cgt-msp430_20.2.2.LTS/bin/cl430" -vmspx --data_model=restricted --use_hw_mpy=F5 --include_path="D:/ti/ccs1010/ccs/ccs_base/msp430/include" --include_path="C:/Users/Noah/Desktop/Embedded Systems/Lab08/Lab08" --include_path="D:/ti/ccs1010/ccs/tools/compiler/ti-cgt-msp430_20.2.2.LTS/include" --advice:power=all --advice:hw_config=all --define=__MSP430FR6989__ --define=_MPU_ENABLE -g --printf_support=minimal --diag_warning=225 --diag_wrap=off --display_error_number --silicon_errata=CPU21 --silicon_errata=CPU22 --silicon_errata=CPU40 --preproc_with_compile --preproc_dependency="main.d_raw"  "../main.c"
"../main.c", line 29: remark #1540-D: (ULP 11.2) Assignment of higher bits (constants) to "PEOUT_L" within a loop. Recommend using lower 4 bits to allow use of constant generators
"../main.c", line 26: remark #1544-D: (ULP 13.1) Detected loop counting up. Recommend loops count down as detecting zeros is easier
"../main.c", line 29: remark #1540-D: (ULP 11.2) Assignment of higher bits (constants) to "PEOUT_L" within a loop. Recommend using lower 4 bits to allow use of constant generators
"../main.c", line 34: remark #1544-D: (ULP 13.1) Detected loop counting up. Recommend loops count down as detecting zeros is easier
"../main.c", line 34: remark #1527-D: (ULP 2.1) Detected SW delay loop using empty loop. Recommend using a timer module instead
"../main.c", line 53: remark #1528-D: (ULP 3.1) Detected flag polling using UCA1IFG. Recommend using an interrupt combined with enter LPMx and ISR
Finished building: "../main.c"
 
Building target: "Lab08.out"
Invoking: MSP430 Linker
"D:/ti/ccs1010/ccs/tools/compiler/ti-cgt-msp430_20.2.2.LTS/bin/cl430" -vmspx --data_model=restricted --use_hw_mpy=F5 --advice:power=all --advice:hw_config=all --define=__MSP430FR6989__ --define=_MPU_ENABLE -g --printf_support=minimal --diag_warning=225 --diag_wrap=off --display_error_number --silicon_errata=CPU21 --silicon_errata=CPU22 --silicon_errata=CPU40 -z -m"Lab08.map" --heap_size=160 --stack_size=160 --cinit_hold_wdt=on -i"D:/ti/ccs1010/ccs/ccs_base/msp430/include" -i"D:/ti/ccs1010/ccs/ccs_base/msp430/lib/5xx_6xx_FRxx" -i"D:/ti/ccs1010/ccs/ccs_base/msp430/lib/FR59xx" -i"D:/ti/ccs1010/ccs/tools/compiler/ti-cgt-msp430_20.2.2.LTS/lib" -i"D:/ti/ccs1010/ccs/tools/compiler/ti-cgt-msp430_20.2.2.LTS/include" --priority --reread_libs --define=_MPU_ENABLE --diag_wrap=off --display_error_number --warn_sections --xml_link_info="Lab08_linkInfo.xml" --use_hw_mpy=F5 --rom_model -o "Lab08.out" "./main.obj" "../lnk_msp430fr6989.cmd"  -llibmpu_init.a -llibmath.a -llibc.a 
<Linking>
remark #10371-D: (ULP 1.1) Detected no uses of low power mode state changing instructions
remark #10372-D: (ULP 4.1) Detected uninitialized Port A in this project. Recommend initializing all unused ports to eliminate wasted current consumption on unused pins.
remark #10372-D: (ULP 4.1) Detected uninitialized Port B in this project. Recommend initializing all unused ports to eliminate wasted current consumption on unused pins.
remark #10372-D: (ULP 4.1) Detected uninitialized Port C in this project. Recommend initializing all unused ports to eliminate wasted current consumption on unused pins.
remark #10372-D: (ULP 4.1) Detected uninitialized Port D in this project. Recommend initializing all unused ports to eliminate wasted current consumption on unused pins.
remark #10372-D: (ULP 4.1) Detected uninitialized Port E in this project. Recommend initializing all unused ports to eliminate wasted current consumption on unused pins.
Finished building target: "Lab08.out"
 

**** Build Finished ****

**** Build of configuration Debug for project Lab08 ****

"D:\\ti\\ccs1010\\ccs\\utils\\bin\\gmake" -k -j 6 all -O 
 
Building file: "../main.c"
Invoking: MSP430 Compiler
"D:/ti/ccs1010/ccs/tools/compiler/ti-cgt-msp430_20.2.2.LTS/bin/cl430" -vmspx --data_model=restricted --use_hw_mpy=F5 --include_path="D:/ti/ccs1010/ccs/ccs_base/msp430/include" --include_path="C:/Users/Noah/Desktop/Embedded Systems/Lab08/Lab08" --include_path="D:/ti/ccs1010/ccs/tools/compiler/ti-cgt-msp430_20.2.2.LTS/include" --advice:power=all --advice:hw_config=all --define=__MSP430FR6989__ --define=_MPU_ENABLE -g --printf_support=minimal --diag_warning=225 --diag_wrap=off --display_error_number --silicon_errata=CPU21 --silicon_errata=CPU22 --silicon_errata=CPU40 --preproc_with_compile --preproc_dependency="main.d_raw"  "../main.c"
"../main.c", line 42: warning #112-D: statement is unreachable
"../main.c", line 34: remark #1540-D: (ULP 11.2) Assignment of higher bits (constants) to "PEOUT_L" within a loop. Recommend using lower 4 bits to allow use of constant generators
"../main.c", line 31: remark #1544-D: (ULP 13.1) Detected loop counting up. Recommend loops count down as detecting zeros is easier
"../main.c", line 34: remark #1540-D: (ULP 11.2) Assignment of higher bits (constants) to "PEOUT_L" within a loop. Recommend using lower 4 bits to allow use of constant generators
"../main.c", line 39: remark #1544-D: (ULP 13.1) Detected loop counting up. Recommend loops count down as detecting zeros is easier
"../main.c", line 39: remark #1527-D: (ULP 2.1) Detected SW delay loop using empty loop. Recommend using a timer module instead
"../main.c", line 59: remark #1528-D: (ULP 3.1) Detected flag polling using UCA1IFG. Recommend using an interrupt combined with enter LPMx and ISR
Finished building: "../main.c"
 
Building target: "Lab08.out"
Invoking: MSP430 Linker
"D:/ti/ccs1010/ccs/tools/compiler/ti-cgt-msp430_20.2.2.LTS/bin/cl430" -vmspx --data_model=restricted --use_hw_mpy=F5 --advice:power=all --advice:hw_config=all --define=__MSP430FR6989__ --define=_MPU_ENABLE -g --printf_support=minimal --diag_warning=225 --diag_wrap=off --display_error_number --silicon_errata=CPU21 --silicon_errata=CPU22 --silicon_errata=CPU40 -z -m"Lab08.map" --heap_size=160 --stack_size=160 --cinit_hold_wdt=on -i"D:/ti/ccs1010/ccs/ccs_base/msp430/include" -i"D:/ti/ccs1010/ccs/ccs_base/msp430/lib/5xx_6xx_FRxx" -i"D:/ti/ccs1010/ccs/ccs_base/msp430/lib/FR59xx" -i"D:/ti/ccs1010/ccs/tools/compiler/ti-cgt-msp430_20.2.2.LTS/lib" -i"D:/ti/ccs1010/ccs/tools/compiler/ti-cgt-msp430_20.2.2.LTS/include" --priority --reread_libs --define=_MPU_ENABLE --diag_wrap=off --display_error_number --warn_sections --xml_link_info="Lab08_linkInfo.xml" --use_hw_mpy=F5 --rom_model -o "Lab08.out" "./main.obj" "../lnk_msp430fr6989.cmd"  -llibmpu_init.a -llibmath.a -llibc.a 
<Linking>
remark #10371-D: (ULP 1.1) Detected no uses of low power mode state changing instructions
remark #10372-D: (ULP 4.1) Detected uninitialized Port A in this project. Recommend initializing all unused ports to eliminate wasted current consumption on unused pins.
remark #10372-D: (ULP 4.1) Detected uninitialized Port B in this project. Recommend initializing all unused ports to eliminate wasted current consumption on unused pins.
remark #10372-D: (ULP 4.1) Detected uninitialized Port C in this project. Recommend initializing all unused ports to eliminate wasted current consumption on unused pins.
remark #10372-D: (ULP 4.1) Detected uninitialized Port D in this project. Recommend initializing all unused ports to eliminate wasted current consumption on unused pins.
remark #10372-D: (ULP 4.1) Detected uninitialized Port E in this project. Recommend initializing all unused ports to eliminate wasted current consumption on unused pins.
Finished building target: "Lab08.out"
 

**** Build Finished ****

**** Build of configuration Debug for project Lab08 ****

"D:\\ti\\ccs1010\\ccs\\utils\\bin\\gmake" -k -j 6 all -O 
 
Building file: "../main.c"
Invoking: MSP430 Compiler
"D:/ti/ccs1010/ccs/tools/compiler/ti-cgt-msp430_20.2.2.LTS/bin/cl430" -vmspx --data_model=restricted --use_hw_mpy=F5 --include_path="D:/ti/ccs1010/ccs/ccs_base/msp430/include" --include_path="C:/Users/Noah/Desktop/Embedded Systems/Lab08/Lab08" --include_path="D:/ti/ccs1010/ccs/tools/compiler/ti-cgt-msp430_20.2.2.LTS/include" --advice:power=all --advice:hw_config=all --define=__MSP430FR6989__ --define=_MPU_ENABLE -g --printf_support=minimal --diag_warning=225 --diag_wrap=off --display_error_number --silicon_errata=CPU21 --silicon_errata=CPU22 --silicon_errata=CPU40 --preproc_with_compile --preproc_dependency="main.d_raw"  "../main.c"
"../main.c", line 42: warning #112-D: statement is unreachable
"../main.c", line 34: remark #1540-D: (ULP 11.2) Assignment of higher bits (constants) to "PEOUT_L" within a loop. Recommend using lower 4 bits to allow use of constant generators
"../main.c", line 31: remark #1544-D: (ULP 13.1) Detected loop counting up. Recommend loops count down as detecting zeros is easier
"../main.c", line 34: remark #1540-D: (ULP 11.2) Assignment of higher bits (constants) to "PEOUT_L" within a loop. Recommend using lower 4 bits to allow use of constant generators
"../main.c", line 39: remark #1544-D: (ULP 13.1) Detected loop counting up. Recommend loops count down as detecting zeros is easier
"../main.c", line 39: remark #1527-D: (ULP 2.1) Detected SW delay loop using empty loop. Recommend using a timer module instead
"../main.c", line 59: remark #1528-D: (ULP 3.1) Detected flag polling using UCA1IFG. Recommend using an interrupt combined with enter LPMx and ISR
Finished building: "../main.c"
 
Building target: "Lab08.out"
Invoking: MSP430 Linker
"D:/ti/ccs1010/ccs/tools/compiler/ti-cgt-msp430_20.2.2.LTS/bin/cl430" -vmspx --data_model=restricted --use_hw_mpy=F5 --advice:power=all --advice:hw_config=all --define=__MSP430FR6989__ --define=_MPU_ENABLE -g --printf_support=minimal --diag_warning=225 --diag_wrap=off --display_error_number --silicon_errata=CPU21 --silicon_errata=CPU22 --silicon_errata=CPU40 -z -m"Lab08.map" --heap_size=160 --stack_size=160 --cinit_hold_wdt=on -i"D:/ti/ccs1010/ccs/ccs_base/msp430/include" -i"D:/ti/ccs1010/ccs/ccs_base/msp430/lib/5xx_6xx_FRxx" -i"D:/ti/ccs1010/ccs/ccs_base/msp430/lib/FR59xx" -i"D:/ti/ccs1010/ccs/tools/compiler/ti-cgt-msp430_20.2.2.LTS/lib" -i"D:/ti/ccs1010/ccs/tools/compiler/ti-cgt-msp430_20.2.2.LTS/include" --priority --reread_libs --define=_MPU_ENABLE --diag_wrap=off --display_error_number --warn_sections --xml_link_info="Lab08_linkInfo.xml" --use_hw_mpy=F5 --rom_model -o "Lab08.out" "./main.obj" "../lnk_msp430fr6989.cmd"  -llibmpu_init.a -llibmath.a -llibc.a 
<Linking>
remark #10371-D: (ULP 1.1) Detected no uses of low power mode state changing instructions
remark #10372-D: (ULP 4.1) Detected uninitialized Port A in this project. Recommend initializing all unused ports to eliminate wasted current consumption on unused pins.
remark #10372-D: (ULP 4.1) Detected uninitialized Port B in this project. Recommend initializing all unused ports to eliminate wasted current consumption on unused pins.
remark #10372-D: (ULP 4.1) Detected uninitialized Port C in this project. Recommend initializing all unused ports to eliminate wasted current consumption on unused pins.
remark #10372-D: (ULP 4.1) Detected uninitialized Port D in this project. Recommend initializing all unused ports to eliminate wasted current consumption on unused pins.
remark #10372-D: (ULP 4.1) Detected uninitialized Port E in this project. Recommend initializing all unused ports to eliminate wasted current consumption on unused pins.
Finished building target: "Lab08.out"
 

**** Build Finished ****

**** Build of configuration Debug for project Lab08 ****

"D:\\ti\\ccs1010\\ccs\\utils\\bin\\gmake" -k -j 6 all -O 
 
Building file: "../main.c"
Invoking: MSP430 Compiler
"D:/ti/ccs1010/ccs/tools/compiler/ti-cgt-msp430_20.2.2.LTS/bin/cl430" -vmspx --data_model=restricted --use_hw_mpy=F5 --include_path="D:/ti/ccs1010/ccs/ccs_base/msp430/include" --include_path="C:/Users/Noah/Desktop/Embedded Systems/Lab08/Lab08" --include_path="D:/ti/ccs1010/ccs/tools/compiler/ti-cgt-msp430_20.2.2.LTS/include" --advice:power=all --advice:hw_config=all --define=__MSP430FR6989__ --define=_MPU_ENABLE -g --printf_support=minimal --diag_warning=225 --diag_wrap=off --display_error_number --silicon_errata=CPU21 --silicon_errata=CPU22 --silicon_errata=CPU40 --preproc_with_compile --preproc_dependency="main.d_raw"  "../main.c"
"../main.c", line 42: warning #112-D: statement is unreachable
"../main.c", line 34: remark #1540-D: (ULP 11.2) Assignment of higher bits (constants) to "PEOUT_L" within a loop. Recommend using lower 4 bits to allow use of constant generators
"../main.c", line 31: remark #1544-D: (ULP 13.1) Detected loop counting up. Recommend loops count down as detecting zeros is easier
"../main.c", line 34: remark #1540-D: (ULP 11.2) Assignment of higher bits (constants) to "PEOUT_L" within a loop. Recommend using lower 4 bits to allow use of constant generators
"../main.c", line 39: remark #1544-D: (ULP 13.1) Detected loop counting up. Recommend loops count down as detecting zeros is easier
"../main.c", line 39: remark #1527-D: (ULP 2.1) Detected SW delay loop using empty loop. Recommend using a timer module instead
"../main.c", line 56: remark #1528-D: (ULP 3.1) Detected flag polling using UCA1IFG. Recommend using an interrupt combined with enter LPMx and ISR
Finished building: "../main.c"
 
Building target: "Lab08.out"
Invoking: MSP430 Linker
"D:/ti/ccs1010/ccs/tools/compiler/ti-cgt-msp430_20.2.2.LTS/bin/cl430" -vmspx --data_model=restricted --use_hw_mpy=F5 --advice:power=all --advice:hw_config=all --define=__MSP430FR6989__ --define=_MPU_ENABLE -g --printf_support=minimal --diag_warning=225 --diag_wrap=off --display_error_number --silicon_errata=CPU21 --silicon_errata=CPU22 --silicon_errata=CPU40 -z -m"Lab08.map" --heap_size=160 --stack_size=160 --cinit_hold_wdt=on -i"D:/ti/ccs1010/ccs/ccs_base/msp430/include" -i"D:/ti/ccs1010/ccs/ccs_base/msp430/lib/5xx_6xx_FRxx" -i"D:/ti/ccs1010/ccs/ccs_base/msp430/lib/FR59xx" -i"D:/ti/ccs1010/ccs/tools/compiler/ti-cgt-msp430_20.2.2.LTS/lib" -i"D:/ti/ccs1010/ccs/tools/compiler/ti-cgt-msp430_20.2.2.LTS/include" --priority --reread_libs --define=_MPU_ENABLE --diag_wrap=off --display_error_number --warn_sections --xml_link_info="Lab08_linkInfo.xml" --use_hw_mpy=F5 --rom_model -o "Lab08.out" "./main.obj" "../lnk_msp430fr6989.cmd"  -llibmpu_init.a -llibmath.a -llibc.a 
<Linking>
remark #10371-D: (ULP 1.1) Detected no uses of low power mode state changing instructions
remark #10372-D: (ULP 4.1) Detected uninitialized Port A in this project. Recommend initializing all unused ports to eliminate wasted current consumption on unused pins.
remark #10372-D: (ULP 4.1) Detected uninitialized Port B in this project. Recommend initializing all unused ports to eliminate wasted current consumption on unused pins.
remark #10372-D: (ULP 4.1) Detected uninitialized Port C in this project. Recommend initializing all unused ports to eliminate wasted current consumption on unused pins.
remark #10372-D: (ULP 4.1) Detected uninitialized Port D in this project. Recommend initializing all unused ports to eliminate wasted current consumption on unused pins.
remark #10372-D: (ULP 4.1) Detected uninitialized Port E in this project. Recommend initializing all unused ports to eliminate wasted current consumption on unused pins.
Finished building target: "Lab08.out"
 

**** Build Finished ****

**** Build of configuration Debug for project Lab08 ****

"D:\\ti\\ccs1010\\ccs\\utils\\bin\\gmake" -k -j 6 all -O 
 
gmake[1]: 'Lab08.out' is up to date.

**** Build Finished ****

**** Build of configuration Debug for project Lab08 ****

"D:\\ti\\ccs1010\\ccs\\utils\\bin\\gmake" -k -j 6 all -O 
 
Building file: "../main.c"
Invoking: MSP430 Compiler
"D:/ti/ccs1010/ccs/tools/compiler/ti-cgt-msp430_20.2.2.LTS/bin/cl430" -vmspx --data_model=restricted --use_hw_mpy=F5 --include_path="D:/ti/ccs1010/ccs/ccs_base/msp430/include" --include_path="C:/Users/Noah/Desktop/Embedded Systems/Lab08/Lab08" --include_path="D:/ti/ccs1010/ccs/tools/compiler/ti-cgt-msp430_20.2.2.LTS/include" --advice:power=all --advice:hw_config=all --define=__MSP430FR6989__ --define=_MPU_ENABLE -g --printf_support=minimal --diag_warning=225 --diag_wrap=off --display_error_number --silicon_errata=CPU21 --silicon_errata=CPU22 --silicon_errata=CPU40 --preproc_with_compile --preproc_dependency="main.d_raw"  "../main.c"
 
>> Compilation failure
subdir_rules.mk:9: recipe for target 'main.obj' failed
"../main.c", line 112: error #66: expected a ";"
"../main.c", line 114: warning #112-D: statement is unreachable
"../main.c", line 128: remark #1528-D: (ULP 3.1) Detected flag polling using UCA1IFG. Recommend using an interrupt combined with enter LPMx and ISR
"../main.c", line 136: remark #1530-D: (ULP 5.1) Detected divide operation(s). Recommend moving them to RAM during run time or not using as these are processing/power intensive
"../main.c", line 137: remark #1530-D: (ULP 5.1) Detected modulo operation(s). Recommend moving them to RAM during run time or not using as these are processing/power intensive
1 error detected in the compilation of "../main.c".
gmake: *** [main.obj] Error 1
gmake: Target 'all' not remade because of errors.

**** Build Finished ****

**** Build of configuration Debug for project Lab08 ****

"D:\\ti\\ccs1010\\ccs\\utils\\bin\\gmake" -k -j 6 all -O 
 
Building file: "../main.c"
Invoking: MSP430 Compiler
"D:/ti/ccs1010/ccs/tools/compiler/ti-cgt-msp430_20.2.2.LTS/bin/cl430" -vmspx --data_model=restricted --use_hw_mpy=F5 --include_path="D:/ti/ccs1010/ccs/ccs_base/msp430/include" --include_path="C:/Users/Noah/Desktop/Embedded Systems/Lab08/Lab08" --include_path="D:/ti/ccs1010/ccs/tools/compiler/ti-cgt-msp430_20.2.2.LTS/include" --advice:power=all --advice:hw_config=all --define=__MSP430FR6989__ --define=_MPU_ENABLE -g --printf_support=minimal --diag_warning=225 --diag_wrap=off --display_error_number --silicon_errata=CPU21 --silicon_errata=CPU22 --silicon_errata=CPU40 --preproc_with_compile --preproc_dependency="main.d_raw"  "../main.c"
"../main.c", line 114: warning #112-D: statement is unreachable
"../main.c", line 112: remark #1544-D: (ULP 13.1) Detected loop counting up. Recommend loops count down as detecting zeros is easier
"../main.c", line 112: remark #1527-D: (ULP 2.1) Detected SW delay loop using empty loop. Recommend using a timer module instead
"../main.c", line 128: remark #1528-D: (ULP 3.1) Detected flag polling using UCA1IFG. Recommend using an interrupt combined with enter LPMx and ISR
"../main.c", line 136: remark #1530-D: (ULP 5.1) Detected divide operation(s). Recommend moving them to RAM during run time or not using as these are processing/power intensive
"../main.c", line 137: remark #1530-D: (ULP 5.1) Detected modulo operation(s). Recommend moving them to RAM during run time or not using as these are processing/power intensive
Finished building: "../main.c"
 
Building target: "Lab08.out"
Invoking: MSP430 Linker
"D:/ti/ccs1010/ccs/tools/compiler/ti-cgt-msp430_20.2.2.LTS/bin/cl430" -vmspx --data_model=restricted --use_hw_mpy=F5 --advice:power=all --advice:hw_config=all --define=__MSP430FR6989__ --define=_MPU_ENABLE -g --printf_support=minimal --diag_warning=225 --diag_wrap=off --display_error_number --silicon_errata=CPU21 --silicon_errata=CPU22 --silicon_errata=CPU40 -z -m"Lab08.map" --heap_size=160 --stack_size=160 --cinit_hold_wdt=on -i"D:/ti/ccs1010/ccs/ccs_base/msp430/include" -i"D:/ti/ccs1010/ccs/ccs_base/msp430/lib/5xx_6xx_FRxx" -i"D:/ti/ccs1010/ccs/ccs_base/msp430/lib/FR59xx" -i"D:/ti/ccs1010/ccs/tools/compiler/ti-cgt-msp430_20.2.2.LTS/lib" -i"D:/ti/ccs1010/ccs/tools/compiler/ti-cgt-msp430_20.2.2.LTS/include" --priority --reread_libs --define=_MPU_ENABLE --diag_wrap=off --display_error_number --warn_sections --xml_link_info="Lab08_linkInfo.xml" --use_hw_mpy=F5 --rom_model -o "Lab08.out" "./main.obj" "../lnk_msp430fr6989.cmd"  -llibmpu_init.a -llibmath.a -llibc.a 
<Linking>
remark #10371-D: (ULP 1.1) Detected no uses of low power mode state changing instructions
remark #10372-D: (ULP 4.1) Detected uninitialized Port A in this project. Recommend initializing all unused ports to eliminate wasted current consumption on unused pins.
remark #10372-D: (ULP 4.1) Detected uninitialized Port B in this project. Recommend initializing all unused ports to eliminate wasted current consumption on unused pins.
remark #10372-D: (ULP 4.1) Detected uninitialized Port C in this project. Recommend initializing all unused ports to eliminate wasted current consumption on unused pins.
remark #10372-D: (ULP 4.1) Detected uninitialized Port D in this project. Recommend initializing all unused ports to eliminate wasted current consumption on unused pins.
remark #10372-D: (ULP 4.1) Detected uninitialized Port E in this project. Recommend initializing all unused ports to eliminate wasted current consumption on unused pins.
Finished building target: "Lab08.out"
 

**** Build Finished ****

**** Build of configuration Debug for project Lab08 ****

"D:\\ti\\ccs1010\\ccs\\utils\\bin\\gmake" -k -j 6 all -O 
 
gmake[1]: 'Lab08.out' is up to date.

**** Build Finished ****

**** Build of configuration Debug for project Lab08 ****

"D:\\ti\\ccs1010\\ccs\\utils\\bin\\gmake" -k -j 6 all -O 
 
Building file: "../main.c"
Invoking: MSP430 Compiler
"D:/ti/ccs1010/ccs/tools/compiler/ti-cgt-msp430_20.2.2.LTS/bin/cl430" -vmspx --data_model=restricted --use_hw_mpy=F5 --include_path="D:/ti/ccs1010/ccs/ccs_base/msp430/include" --include_path="C:/Users/Noah/Desktop/Embedded Systems/Lab08/Lab08" --include_path="D:/ti/ccs1010/ccs/tools/compiler/ti-cgt-msp430_20.2.2.LTS/include" --advice:power=all --advice:hw_config=all --define=__MSP430FR6989__ --define=_MPU_ENABLE -g --printf_support=minimal --diag_warning=225 --diag_wrap=off --display_error_number --silicon_errata=CPU21 --silicon_errata=CPU22 --silicon_errata=CPU40 --preproc_with_compile --preproc_dependency="main.d_raw"  "../main.c"
"../main.c", line 114: warning #112-D: statement is unreachable
"../main.c", line 112: remark #1544-D: (ULP 13.1) Detected loop counting up. Recommend loops count down as detecting zeros is easier
"../main.c", line 112: remark #1527-D: (ULP 2.1) Detected SW delay loop using empty loop. Recommend using a timer module instead
"../main.c", line 128: remark #1528-D: (ULP 3.1) Detected flag polling using UCA1IFG. Recommend using an interrupt combined with enter LPMx and ISR
"../main.c", line 136: remark #1530-D: (ULP 5.1) Detected divide operation(s). Recommend moving them to RAM during run time or not using as these are processing/power intensive
"../main.c", line 137: remark #1530-D: (ULP 5.1) Detected modulo operation(s). Recommend moving them to RAM during run time or not using as these are processing/power intensive
Finished building: "../main.c"
 
Building target: "Lab08.out"
Invoking: MSP430 Linker
"D:/ti/ccs1010/ccs/tools/compiler/ti-cgt-msp430_20.2.2.LTS/bin/cl430" -vmspx --data_model=restricted --use_hw_mpy=F5 --advice:power=all --advice:hw_config=all --define=__MSP430FR6989__ --define=_MPU_ENABLE -g --printf_support=minimal --diag_warning=225 --diag_wrap=off --display_error_number --silicon_errata=CPU21 --silicon_errata=CPU22 --silicon_errata=CPU40 -z -m"Lab08.map" --heap_size=160 --stack_size=160 --cinit_hold_wdt=on -i"D:/ti/ccs1010/ccs/ccs_base/msp430/include" -i"D:/ti/ccs1010/ccs/ccs_base/msp430/lib/5xx_6xx_FRxx" -i"D:/ti/ccs1010/ccs/ccs_base/msp430/lib/FR59xx" -i"D:/ti/ccs1010/ccs/tools/compiler/ti-cgt-msp430_20.2.2.LTS/lib" -i"D:/ti/ccs1010/ccs/tools/compiler/ti-cgt-msp430_20.2.2.LTS/include" --priority --reread_libs --define=_MPU_ENABLE --diag_wrap=off --display_error_number --warn_sections --xml_link_info="Lab08_linkInfo.xml" --use_hw_mpy=F5 --rom_model -o "Lab08.out" "./main.obj" "../lnk_msp430fr6989.cmd"  -llibmpu_init.a -llibmath.a -llibc.a 
<Linking>
remark #10371-D: (ULP 1.1) Detected no uses of low power mode state changing instructions
remark #10372-D: (ULP 4.1) Detected uninitialized Port A in this project. Recommend initializing all unused ports to eliminate wasted current consumption on unused pins.
remark #10372-D: (ULP 4.1) Detected uninitialized Port B in this project. Recommend initializing all unused ports to eliminate wasted current consumption on unused pins.
remark #10372-D: (ULP 4.1) Detected uninitialized Port C in this project. Recommend initializing all unused ports to eliminate wasted current consumption on unused pins.
remark #10372-D: (ULP 4.1) Detected uninitialized Port D in this project. Recommend initializing all unused ports to eliminate wasted current consumption on unused pins.
remark #10372-D: (ULP 4.1) Detected uninitialized Port E in this project. Recommend initializing all unused ports to eliminate wasted current consumption on unused pins.
Finished building target: "Lab08.out"
 

**** Build Finished ****

**** Build of configuration Debug for project Lab08 ****

"D:\\ti\\ccs1010\\ccs\\utils\\bin\\gmake" -k -j 6 all -O 
 
Building file: "../main.c"
Invoking: MSP430 Compiler
"D:/ti/ccs1010/ccs/tools/compiler/ti-cgt-msp430_20.2.2.LTS/bin/cl430" -vmspx --data_model=restricted --use_hw_mpy=F5 --include_path="D:/ti/ccs1010/ccs/ccs_base/msp430/include" --include_path="C:/Users/Noah/Desktop/Embedded Systems/Lab08/Lab08" --include_path="D:/ti/ccs1010/ccs/tools/compiler/ti-cgt-msp430_20.2.2.LTS/include" --advice:power=all --advice:hw_config=all --define=__MSP430FR6989__ --define=_MPU_ENABLE -g --printf_support=minimal --diag_warning=225 --diag_wrap=off --display_error_number --silicon_errata=CPU21 --silicon_errata=CPU22 --silicon_errata=CPU40 --preproc_with_compile --preproc_dependency="main.d_raw"  "../main.c"
 
>> Compilation failure
subdir_rules.mk:9: recipe for target 'main.obj' failed
"../main.c", line 191: error #18: expected a ")"
"../main.c", line 191: error #29: expected an expression
"../main.c", line 192: error #66: expected a ";"
"../main.c", line 206: remark #1528-D: (ULP 3.1) Detected flag polling using UCA1IFG. Recommend using an interrupt combined with enter LPMx and ISR
3 errors detected in the compilation of "../main.c".
gmake: *** [main.obj] Error 1
gmake: Target 'all' not remade because of errors.

**** Build Finished ****

**** Build of configuration Debug for project Lab08 ****

"D:\\ti\\ccs1010\\ccs\\utils\\bin\\gmake" -k -j 6 all -O 
 
Building file: "../main.c"
Invoking: MSP430 Compiler
"D:/ti/ccs1010/ccs/tools/compiler/ti-cgt-msp430_20.2.2.LTS/bin/cl430" -vmspx --data_model=restricted --use_hw_mpy=F5 --include_path="D:/ti/ccs1010/ccs/ccs_base/msp430/include" --include_path="C:/Users/Noah/Desktop/Embedded Systems/Lab08/Lab08" --include_path="D:/ti/ccs1010/ccs/tools/compiler/ti-cgt-msp430_20.2.2.LTS/include" --advice:power=all --advice:hw_config=all --define=__MSP430FR6989__ --define=_MPU_ENABLE -g --printf_support=minimal --diag_warning=225 --diag_wrap=off --display_error_number --silicon_errata=CPU21 --silicon_errata=CPU22 --silicon_errata=CPU40 --preproc_with_compile --preproc_dependency="main.d_raw"  "../main.c"
"../main.c", line 206: remark #1528-D: (ULP 3.1) Detected flag polling using UCA1IFG. Recommend using an interrupt combined with enter LPMx and ISR
Finished building: "../main.c"
 
Building target: "Lab08.out"
Invoking: MSP430 Linker
"D:/ti/ccs1010/ccs/tools/compiler/ti-cgt-msp430_20.2.2.LTS/bin/cl430" -vmspx --data_model=restricted --use_hw_mpy=F5 --advice:power=all --advice:hw_config=all --define=__MSP430FR6989__ --define=_MPU_ENABLE -g --printf_support=minimal --diag_warning=225 --diag_wrap=off --display_error_number --silicon_errata=CPU21 --silicon_errata=CPU22 --silicon_errata=CPU40 -z -m"Lab08.map" --heap_size=160 --stack_size=160 --cinit_hold_wdt=on -i"D:/ti/ccs1010/ccs/ccs_base/msp430/include" -i"D:/ti/ccs1010/ccs/ccs_base/msp430/lib/5xx_6xx_FRxx" -i"D:/ti/ccs1010/ccs/ccs_base/msp430/lib/FR59xx" -i"D:/ti/ccs1010/ccs/tools/compiler/ti-cgt-msp430_20.2.2.LTS/lib" -i"D:/ti/ccs1010/ccs/tools/compiler/ti-cgt-msp430_20.2.2.LTS/include" --priority --reread_libs --define=_MPU_ENABLE --diag_wrap=off --display_error_number --warn_sections --xml_link_info="Lab08_linkInfo.xml" --use_hw_mpy=F5 --rom_model -o "Lab08.out" "./main.obj" "../lnk_msp430fr6989.cmd"  -llibmpu_init.a -llibmath.a -llibc.a 
<Linking>
remark #10371-D: (ULP 1.1) Detected no uses of low power mode state changing instructions
remark #10372-D: (ULP 4.1) Detected uninitialized Port A in this project. Recommend initializing all unused ports to eliminate wasted current consumption on unused pins.
remark #10372-D: (ULP 4.1) Detected uninitialized Port B in this project. Recommend initializing all unused ports to eliminate wasted current consumption on unused pins.
remark #10372-D: (ULP 4.1) Detected uninitialized Port C in this project. Recommend initializing all unused ports to eliminate wasted current consumption on unused pins.
remark #10372-D: (ULP 4.1) Detected uninitialized Port D in this project. Recommend initializing all unused ports to eliminate wasted current consumption on unused pins.
remark #10372-D: (ULP 4.1) Detected uninitialized Port E in this project. Recommend initializing all unused ports to eliminate wasted current consumption on unused pins.
Finished building target: "Lab08.out"
 

**** Build Finished ****

**** Build of configuration Debug for project Lab08 ****

"D:\\ti\\ccs1010\\ccs\\utils\\bin\\gmake" -k -j 6 all -O 
 
Building file: "../main.c"
Invoking: MSP430 Compiler
"D:/ti/ccs1010/ccs/tools/compiler/ti-cgt-msp430_20.2.2.LTS/bin/cl430" -vmspx --data_model=restricted --use_hw_mpy=F5 --include_path="D:/ti/ccs1010/ccs/ccs_base/msp430/include" --include_path="C:/Users/Noah/Desktop/Embedded Systems/Lab08/Lab08" --include_path="D:/ti/ccs1010/ccs/tools/compiler/ti-cgt-msp430_20.2.2.LTS/include" --advice:power=all --advice:hw_config=all --define=__MSP430FR6989__ --define=_MPU_ENABLE -g --printf_support=minimal --diag_warning=225 --diag_wrap=off --display_error_number --silicon_errata=CPU21 --silicon_errata=CPU22 --silicon_errata=CPU40 --preproc_with_compile --preproc_dependency="main.d_raw"  "../main.c"
"../main.c", line 206: remark #1528-D: (ULP 3.1) Detected flag polling using UCA1IFG. Recommend using an interrupt combined with enter LPMx and ISR
Finished building: "../main.c"
 
Building target: "Lab08.out"
Invoking: MSP430 Linker
"D:/ti/ccs1010/ccs/tools/compiler/ti-cgt-msp430_20.2.2.LTS/bin/cl430" -vmspx --data_model=restricted --use_hw_mpy=F5 --advice:power=all --advice:hw_config=all --define=__MSP430FR6989__ --define=_MPU_ENABLE -g --printf_support=minimal --diag_warning=225 --diag_wrap=off --display_error_number --silicon_errata=CPU21 --silicon_errata=CPU22 --silicon_errata=CPU40 -z -m"Lab08.map" --heap_size=160 --stack_size=160 --cinit_hold_wdt=on -i"D:/ti/ccs1010/ccs/ccs_base/msp430/include" -i"D:/ti/ccs1010/ccs/ccs_base/msp430/lib/5xx_6xx_FRxx" -i"D:/ti/ccs1010/ccs/ccs_base/msp430/lib/FR59xx" -i"D:/ti/ccs1010/ccs/tools/compiler/ti-cgt-msp430_20.2.2.LTS/lib" -i"D:/ti/ccs1010/ccs/tools/compiler/ti-cgt-msp430_20.2.2.LTS/include" --priority --reread_libs --define=_MPU_ENABLE --diag_wrap=off --display_error_number --warn_sections --xml_link_info="Lab08_linkInfo.xml" --use_hw_mpy=F5 --rom_model -o "Lab08.out" "./main.obj" "../lnk_msp430fr6989.cmd"  -llibmpu_init.a -llibmath.a -llibc.a 
<Linking>
remark #10371-D: (ULP 1.1) Detected no uses of low power mode state changing instructions
remark #10372-D: (ULP 4.1) Detected uninitialized Port A in this project. Recommend initializing all unused ports to eliminate wasted current consumption on unused pins.
remark #10372-D: (ULP 4.1) Detected uninitialized Port B in this project. Recommend initializing all unused ports to eliminate wasted current consumption on unused pins.
remark #10372-D: (ULP 4.1) Detected uninitialized Port C in this project. Recommend initializing all unused ports to eliminate wasted current consumption on unused pins.
remark #10372-D: (ULP 4.1) Detected uninitialized Port D in this project. Recommend initializing all unused ports to eliminate wasted current consumption on unused pins.
remark #10372-D: (ULP 4.1) Detected uninitialized Port E in this project. Recommend initializing all unused ports to eliminate wasted current consumption on unused pins.
Finished building target: "Lab08.out"
 

**** Build Finished ****

**** Build of configuration Debug for project Lab08 ****

"D:\\ti\\ccs1010\\ccs\\utils\\bin\\gmake" -k -j 6 all -O 
 
Building file: "../main.c"
Invoking: MSP430 Compiler
"D:/ti/ccs1010/ccs/tools/compiler/ti-cgt-msp430_20.2.2.LTS/bin/cl430" -vmspx --data_model=restricted --use_hw_mpy=F5 --include_path="D:/ti/ccs1010/ccs/ccs_base/msp430/include" --include_path="C:/Users/Noah/Desktop/Embedded Systems/Lab08/Lab08" --include_path="D:/ti/ccs1010/ccs/tools/compiler/ti-cgt-msp430_20.2.2.LTS/include" --advice:power=all --advice:hw_config=all --define=__MSP430FR6989__ --define=_MPU_ENABLE -g --printf_support=minimal --diag_warning=225 --diag_wrap=off --display_error_number --silicon_errata=CPU21 --silicon_errata=CPU22 --silicon_errata=CPU40 --preproc_with_compile --preproc_dependency="main.d_raw"  "../main.c"
 
>> Compilation failure
subdir_rules.mk:9: recipe for target 'main.obj' failed
"../main.c", line 274: error #66: expected a ";"
"../main.c", line 276: warning #112-D: statement is unreachable
"../main.c", line 283: remark #1530-D: (ULP 5.1) Detected divide operation(s). Recommend moving them to RAM during run time or not using as these are processing/power intensive
"../main.c", line 284: remark #1530-D: (ULP 5.1) Detected modulo operation(s). Recommend moving them to RAM during run time or not using as these are processing/power intensive
"../main.c", line 294: error #18: expected a ")"
"../main.c", line 294: error #29: expected an expression
"../main.c", line 295: error #66: expected a ";"
"../main.c", line 309: remark #1528-D: (ULP 3.1) Detected flag polling using UCA1IFG. Recommend using an interrupt combined with enter LPMx and ISR
4 errors detected in the compilation of "../main.c".
gmake: *** [main.obj] Error 1
gmake: Target 'all' not remade because of errors.

**** Build Finished ****

**** Build of configuration Debug for project Lab08 ****

"D:\\ti\\ccs1010\\ccs\\utils\\bin\\gmake" -k -j 6 all -O 
 
Building file: "../main.c"
Invoking: MSP430 Compiler
"D:/ti/ccs1010/ccs/tools/compiler/ti-cgt-msp430_20.2.2.LTS/bin/cl430" -vmspx --data_model=restricted --use_hw_mpy=F5 --include_path="D:/ti/ccs1010/ccs/ccs_base/msp430/include" --include_path="C:/Users/Noah/Desktop/Embedded Systems/Lab08/Lab08" --include_path="D:/ti/ccs1010/ccs/tools/compiler/ti-cgt-msp430_20.2.2.LTS/include" --advice:power=all --advice:hw_config=all --define=__MSP430FR6989__ --define=_MPU_ENABLE -g --printf_support=minimal --diag_warning=225 --diag_wrap=off --display_error_number --silicon_errata=CPU21 --silicon_errata=CPU22 --silicon_errata=CPU40 --preproc_with_compile --preproc_dependency="main.d_raw"  "../main.c"
 
>> Compilation failure
subdir_rules.mk:9: recipe for target 'main.obj' failed
"../main.c", line 274: error #66: expected a ";"
"../main.c", line 276: warning #112-D: statement is unreachable
"../main.c", line 283: remark #1530-D: (ULP 5.1) Detected divide operation(s). Recommend moving them to RAM during run time or not using as these are processing/power intensive
"../main.c", line 284: remark #1530-D: (ULP 5.1) Detected modulo operation(s). Recommend moving them to RAM during run time or not using as these are processing/power intensive
"../main.c", line 309: remark #1528-D: (ULP 3.1) Detected flag polling using UCA1IFG. Recommend using an interrupt combined with enter LPMx and ISR
1 error detected in the compilation of "../main.c".
gmake: *** [main.obj] Error 1
gmake: Target 'all' not remade because of errors.

**** Build Finished ****

**** Build of configuration Debug for project Lab08 ****

"D:\\ti\\ccs1010\\ccs\\utils\\bin\\gmake" -k -j 6 all -O 
 
Building file: "../main.c"
Invoking: MSP430 Compiler
"D:/ti/ccs1010/ccs/tools/compiler/ti-cgt-msp430_20.2.2.LTS/bin/cl430" -vmspx --data_model=restricted --use_hw_mpy=F5 --include_path="D:/ti/ccs1010/ccs/ccs_base/msp430/include" --include_path="C:/Users/Noah/Desktop/Embedded Systems/Lab08/Lab08" --include_path="D:/ti/ccs1010/ccs/tools/compiler/ti-cgt-msp430_20.2.2.LTS/include" --advice:power=all --advice:hw_config=all --define=__MSP430FR6989__ --define=_MPU_ENABLE -g --printf_support=minimal --diag_warning=225 --diag_wrap=off --display_error_number --silicon_errata=CPU21 --silicon_errata=CPU22 --silicon_errata=CPU40 --preproc_with_compile --preproc_dependency="main.d_raw"  "../main.c"
"../main.c", line 276: warning #112-D: statement is unreachable
"../main.c", line 274: remark #1544-D: (ULP 13.1) Detected loop counting up. Recommend loops count down as detecting zeros is easier
"../main.c", line 274: remark #1527-D: (ULP 2.1) Detected SW delay loop using empty loop. Recommend using a timer module instead
"../main.c", line 283: remark #1530-D: (ULP 5.1) Detected divide operation(s). Recommend moving them to RAM during run time or not using as these are processing/power intensive
"../main.c", line 284: remark #1530-D: (ULP 5.1) Detected modulo operation(s). Recommend moving them to RAM during run time or not using as these are processing/power intensive
"../main.c", line 309: remark #1528-D: (ULP 3.1) Detected flag polling using UCA1IFG. Recommend using an interrupt combined with enter LPMx and ISR
Finished building: "../main.c"
 
Building target: "Lab08.out"
Invoking: MSP430 Linker
"D:/ti/ccs1010/ccs/tools/compiler/ti-cgt-msp430_20.2.2.LTS/bin/cl430" -vmspx --data_model=restricted --use_hw_mpy=F5 --advice:power=all --advice:hw_config=all --define=__MSP430FR6989__ --define=_MPU_ENABLE -g --printf_support=minimal --diag_warning=225 --diag_wrap=off --display_error_number --silicon_errata=CPU21 --silicon_errata=CPU22 --silicon_errata=CPU40 -z -m"Lab08.map" --heap_size=160 --stack_size=160 --cinit_hold_wdt=on -i"D:/ti/ccs1010/ccs/ccs_base/msp430/include" -i"D:/ti/ccs1010/ccs/ccs_base/msp430/lib/5xx_6xx_FRxx" -i"D:/ti/ccs1010/ccs/ccs_base/msp430/lib/FR59xx" -i"D:/ti/ccs1010/ccs/tools/compiler/ti-cgt-msp430_20.2.2.LTS/lib" -i"D:/ti/ccs1010/ccs/tools/compiler/ti-cgt-msp430_20.2.2.LTS/include" --priority --reread_libs --define=_MPU_ENABLE --diag_wrap=off --display_error_number --warn_sections --xml_link_info="Lab08_linkInfo.xml" --use_hw_mpy=F5 --rom_model -o "Lab08.out" "./main.obj" "../lnk_msp430fr6989.cmd"  -llibmpu_init.a -llibmath.a -llibc.a 
<Linking>
 
remark #10371-D: (ULP 1.1) Detected no uses of low power mode state changing instructions
 undefined         first referenced
remark #10372-D: (ULP 4.1) Detected uninitialized Port A in this project. Recommend initializing all unused ports to eliminate wasted current consumption on unused pins.
remark #10372-D: (ULP 4.1) Detected uninitialized Port B in this project. Recommend initializing all unused ports to eliminate wasted current consumption on unused pins.
remark #10372-D: (ULP 4.1) Detected uninitialized Port C in this project. Recommend initializing all unused ports to eliminate wasted current consumption on unused pins.
remark #10372-D: (ULP 4.1) Detected uninitialized Port D in this project. Recommend initializing all unused ports to eliminate wasted current consumption on unused pins.
remark #10372-D: (ULP 4.1) Detected uninitialized Port E in this project. Recommend initializing all unused ports to eliminate wasted current consumption on unused pins.
 
>> Compilation failure
makefile:143: recipe for target 'Lab08.out' failed
  symbol               in file     
 ---------         ----------------
 Initialize_UART_2 ./main.obj      
 
error #10234-D: unresolved symbols remain
error #10010: errors encountered during linking; "Lab08.out" not built
gmake[1]: *** [Lab08.out] Error 1
makefile:139: recipe for target 'all' failed
gmake: *** [all] Error 2

**** Build Finished ****

**** Build of configuration Debug for project Lab08 ****

"D:\\ti\\ccs1010\\ccs\\utils\\bin\\gmake" -k -j 6 all -O 
 
Building file: "../main.c"
Invoking: MSP430 Compiler
"D:/ti/ccs1010/ccs/tools/compiler/ti-cgt-msp430_20.2.2.LTS/bin/cl430" -vmspx --data_model=restricted --use_hw_mpy=F5 --include_path="D:/ti/ccs1010/ccs/ccs_base/msp430/include" --include_path="C:/Users/Noah/Desktop/Embedded Systems/Lab08/Lab08" --include_path="D:/ti/ccs1010/ccs/tools/compiler/ti-cgt-msp430_20.2.2.LTS/include" --advice:power=all --advice:hw_config=all --define=__MSP430FR6989__ --define=_MPU_ENABLE -g --printf_support=minimal --diag_warning=225 --diag_wrap=off --display_error_number --silicon_errata=CPU21 --silicon_errata=CPU22 --silicon_errata=CPU40 --preproc_with_compile --preproc_dependency="main.d_raw"  "../main.c"
"../main.c", line 274: remark #1544-D: (ULP 13.1) Detected loop counting up. Recommend loops count down as detecting zeros is easier
"../main.c", line 274: remark #1527-D: (ULP 2.1) Detected SW delay loop using empty loop. Recommend using a timer module instead
"../main.c", line 282: remark #1530-D: (ULP 5.1) Detected divide operation(s). Recommend moving them to RAM during run time or not using as these are processing/power intensive
"../main.c", line 283: remark #1530-D: (ULP 5.1) Detected modulo operation(s). Recommend moving them to RAM during run time or not using as these are processing/power intensive
"../main.c", line 308: remark #1528-D: (ULP 3.1) Detected flag polling using UCA1IFG. Recommend using an interrupt combined with enter LPMx and ISR
Finished building: "../main.c"
 
Building target: "Lab08.out"
Invoking: MSP430 Linker
"D:/ti/ccs1010/ccs/tools/compiler/ti-cgt-msp430_20.2.2.LTS/bin/cl430" -vmspx --data_model=restricted --use_hw_mpy=F5 --advice:power=all --advice:hw_config=all --define=__MSP430FR6989__ --define=_MPU_ENABLE -g --printf_support=minimal --diag_warning=225 --diag_wrap=off --display_error_number --silicon_errata=CPU21 --silicon_errata=CPU22 --silicon_errata=CPU40 -z -m"Lab08.map" --heap_size=160 --stack_size=160 --cinit_hold_wdt=on -i"D:/ti/ccs1010/ccs/ccs_base/msp430/include" -i"D:/ti/ccs1010/ccs/ccs_base/msp430/lib/5xx_6xx_FRxx" -i"D:/ti/ccs1010/ccs/ccs_base/msp430/lib/FR59xx" -i"D:/ti/ccs1010/ccs/tools/compiler/ti-cgt-msp430_20.2.2.LTS/lib" -i"D:/ti/ccs1010/ccs/tools/compiler/ti-cgt-msp430_20.2.2.LTS/include" --priority --reread_libs --define=_MPU_ENABLE --diag_wrap=off --display_error_number --warn_sections --xml_link_info="Lab08_linkInfo.xml" --use_hw_mpy=F5 --rom_model -o "Lab08.out" "./main.obj" "../lnk_msp430fr6989.cmd"  -llibmpu_init.a -llibmath.a -llibc.a 
<Linking>
 
 undefined         first referenced
  symbol               in file     
 ---------         ----------------
 Initialize_UART_2 ./main.obj      
 
error #10234-D: unresolved symbols remain
error #10010: errors encountered during linking; "Lab08.out" not built
remark #10371-D: (ULP 1.1) Detected no uses of low power mode state changing instructions
remark #10372-D: (ULP 4.1) Detected uninitialized Port A in this project. Recommend initializing all unused ports to eliminate wasted current consumption on unused pins.
remark #10372-D: (ULP 4.1) Detected uninitialized Port B in this project. Recommend initializing all unused ports to eliminate wasted current consumption on unused pins.
remark #10372-D: (ULP 4.1) Detected uninitialized Port C in this project. Recommend initializing all unused ports to eliminate wasted current consumption on unused pins.
remark #10372-D: (ULP 4.1) Detected uninitialized Port D in this project. Recommend initializing all unused ports to eliminate wasted current consumption on unused pins.
remark #10372-D: (ULP 4.1) Detected uninitialized Port E in this project. Recommend initializing all unused ports to eliminate wasted current consumption on unused pins.
 
>> Compilation failure
makefile:143: recipe for target 'Lab08.out' failed
gmake[1]: *** [Lab08.out] Error 1
makefile:139: recipe for target 'all' failed
gmake: *** [all] Error 2

**** Build Finished ****

**** Build of configuration Debug for project Lab08 ****

"D:\\ti\\ccs1010\\ccs\\utils\\bin\\gmake" -k -j 6 all -O 
 
Building file: "../main.c"
Invoking: MSP430 Compiler
"D:/ti/ccs1010/ccs/tools/compiler/ti-cgt-msp430_20.2.2.LTS/bin/cl430" -vmspx --data_model=restricted --use_hw_mpy=F5 --include_path="D:/ti/ccs1010/ccs/ccs_base/msp430/include" --include_path="C:/Users/Noah/Desktop/Embedded Systems/Lab08/Lab08" --include_path="D:/ti/ccs1010/ccs/tools/compiler/ti-cgt-msp430_20.2.2.LTS/include" --advice:power=all --advice:hw_config=all --define=__MSP430FR6989__ --define=_MPU_ENABLE -g --printf_support=minimal --diag_warning=225 --diag_wrap=off --display_error_number --silicon_errata=CPU21 --silicon_errata=CPU22 --silicon_errata=CPU40 --preproc_with_compile --preproc_dependency="main.d_raw"  "../main.c"
"../main.c", line 274: remark #1544-D: (ULP 13.1) Detected loop counting up. Recommend loops count down as detecting zeros is easier
"../main.c", line 274: remark #1527-D: (ULP 2.1) Detected SW delay loop using empty loop. Recommend using a timer module instead
"../main.c", line 282: remark #1530-D: (ULP 5.1) Detected divide operation(s). Recommend moving them to RAM during run time or not using as these are processing/power intensive
"../main.c", line 283: remark #1530-D: (ULP 5.1) Detected modulo operation(s). Recommend moving them to RAM during run time or not using as these are processing/power intensive
"../main.c", line 308: remark #1528-D: (ULP 3.1) Detected flag polling using UCA1IFG. Recommend using an interrupt combined with enter LPMx and ISR
Finished building: "../main.c"
 
Building target: "Lab08.out"
Invoking: MSP430 Linker
"D:/ti/ccs1010/ccs/tools/compiler/ti-cgt-msp430_20.2.2.LTS/bin/cl430" -vmspx --data_model=restricted --use_hw_mpy=F5 --advice:power=all --advice:hw_config=all --define=__MSP430FR6989__ --define=_MPU_ENABLE -g --printf_support=minimal --diag_warning=225 --diag_wrap=off --display_error_number --silicon_errata=CPU21 --silicon_errata=CPU22 --silicon_errata=CPU40 -z -m"Lab08.map" --heap_size=160 --stack_size=160 --cinit_hold_wdt=on -i"D:/ti/ccs1010/ccs/ccs_base/msp430/include" -i"D:/ti/ccs1010/ccs/ccs_base/msp430/lib/5xx_6xx_FRxx" -i"D:/ti/ccs1010/ccs/ccs_base/msp430/lib/FR59xx" -i"D:/ti/ccs1010/ccs/tools/compiler/ti-cgt-msp430_20.2.2.LTS/lib" -i"D:/ti/ccs1010/ccs/tools/compiler/ti-cgt-msp430_20.2.2.LTS/include" --priority --reread_libs --define=_MPU_ENABLE --diag_wrap=off --display_error_number --warn_sections --xml_link_info="Lab08_linkInfo.xml" --use_hw_mpy=F5 --rom_model -o "Lab08.out" "./main.obj" "../lnk_msp430fr6989.cmd"  -llibmpu_init.a -llibmath.a -llibc.a 
<Linking>
 
 undefined         first referenced
  symbol               in file     
 ---------         ----------------
 Initialize_UART_2 ./main.obj      
 
error #10234-D: unresolved symbols remain
remark #10371-D: (ULP 1.1) Detected no uses of low power mode state changing instructions
error #10010: errors encountered during linking; "Lab08.out" not built
remark #10372-D: (ULP 4.1) Detected uninitialized Port A in this project. Recommend initializing all unused ports to eliminate wasted current consumption on unused pins.
remark #10372-D: (ULP 4.1) Detected uninitialized Port B in this project. Recommend initializing all unused ports to eliminate wasted current consumption on unused pins.
remark #10372-D: (ULP 4.1) Detected uninitialized Port C in this project. Recommend initializing all unused ports to eliminate wasted current consumption on unused pins.
remark #10372-D: (ULP 4.1) Detected uninitialized Port D in this project. Recommend initializing all unused ports to eliminate wasted current consumption on unused pins.
remark #10372-D: (ULP 4.1) Detected uninitialized Port E in this project. Recommend initializing all unused ports to eliminate wasted current consumption on unused pins.
 
>> Compilation failure
makefile:143: recipe for target 'Lab08.out' failed
gmake[1]: *** [Lab08.out] Error 1
makefile:139: recipe for target 'all' failed
gmake: *** [all] Error 2

**** Build Finished ****

**** Build of configuration Debug for project Lab08 ****

"D:\\ti\\ccs1010\\ccs\\utils\\bin\\gmake" -k -j 6 all -O 
 
Building file: "../main.c"
Invoking: MSP430 Compiler
"D:/ti/ccs1010/ccs/tools/compiler/ti-cgt-msp430_20.2.2.LTS/bin/cl430" -vmspx --data_model=restricted --use_hw_mpy=F5 --include_path="D:/ti/ccs1010/ccs/ccs_base/msp430/include" --include_path="C:/Users/Noah/Desktop/Embedded Systems/Lab08/Lab08" --include_path="D:/ti/ccs1010/ccs/tools/compiler/ti-cgt-msp430_20.2.2.LTS/include" --advice:power=all --advice:hw_config=all --define=__MSP430FR6989__ --define=_MPU_ENABLE -g --printf_support=minimal --diag_warning=225 --diag_wrap=off --display_error_number --silicon_errata=CPU21 --silicon_errata=CPU22 --silicon_errata=CPU40 --preproc_with_compile --preproc_dependency="main.d_raw"  "../main.c"
"../main.c", line 274: remark #1544-D: (ULP 13.1) Detected loop counting up. Recommend loops count down as detecting zeros is easier
"../main.c", line 274: remark #1527-D: (ULP 2.1) Detected SW delay loop using empty loop. Recommend using a timer module instead
"../main.c", line 282: remark #1530-D: (ULP 5.1) Detected divide operation(s). Recommend moving them to RAM during run time or not using as these are processing/power intensive
"../main.c", line 283: remark #1530-D: (ULP 5.1) Detected modulo operation(s). Recommend moving them to RAM during run time or not using as these are processing/power intensive
"../main.c", line 307: remark #1528-D: (ULP 3.1) Detected flag polling using UCA1IFG. Recommend using an interrupt combined with enter LPMx and ISR
Finished building: "../main.c"
 
Building target: "Lab08.out"
Invoking: MSP430 Linker
"D:/ti/ccs1010/ccs/tools/compiler/ti-cgt-msp430_20.2.2.LTS/bin/cl430" -vmspx --data_model=restricted --use_hw_mpy=F5 --advice:power=all --advice:hw_config=all --define=__MSP430FR6989__ --define=_MPU_ENABLE -g --printf_support=minimal --diag_warning=225 --diag_wrap=off --display_error_number --silicon_errata=CPU21 --silicon_errata=CPU22 --silicon_errata=CPU40 -z -m"Lab08.map" --heap_size=160 --stack_size=160 --cinit_hold_wdt=on -i"D:/ti/ccs1010/ccs/ccs_base/msp430/include" -i"D:/ti/ccs1010/ccs/ccs_base/msp430/lib/5xx_6xx_FRxx" -i"D:/ti/ccs1010/ccs/ccs_base/msp430/lib/FR59xx" -i"D:/ti/ccs1010/ccs/tools/compiler/ti-cgt-msp430_20.2.2.LTS/lib" -i"D:/ti/ccs1010/ccs/tools/compiler/ti-cgt-msp430_20.2.2.LTS/include" --priority --reread_libs --define=_MPU_ENABLE --diag_wrap=off --display_error_number --warn_sections --xml_link_info="Lab08_linkInfo.xml" --use_hw_mpy=F5 --rom_model -o "Lab08.out" "./main.obj" "../lnk_msp430fr6989.cmd"  -llibmpu_init.a -llibmath.a -llibc.a 
<Linking>
remark #10371-D: (ULP 1.1) Detected no uses of low power mode state changing instructions
remark #10372-D: (ULP 4.1) Detected uninitialized Port A in this project. Recommend initializing all unused ports to eliminate wasted current consumption on unused pins.
remark #10372-D: (ULP 4.1) Detected uninitialized Port B in this project. Recommend initializing all unused ports to eliminate wasted current consumption on unused pins.
remark #10372-D: (ULP 4.1) Detected uninitialized Port C in this project. Recommend initializing all unused ports to eliminate wasted current consumption on unused pins.
remark #10372-D: (ULP 4.1) Detected uninitialized Port D in this project. Recommend initializing all unused ports to eliminate wasted current consumption on unused pins.
remark #10372-D: (ULP 4.1) Detected uninitialized Port E in this project. Recommend initializing all unused ports to eliminate wasted current consumption on unused pins.
Finished building target: "Lab08.out"
 

**** Build Finished ****

**** Build of configuration Debug for project Lab08 ****

"D:\\ti\\ccs1010\\ccs\\utils\\bin\\gmake" -k -j 6 all -O 
 
Building file: "../main.c"
Invoking: MSP430 Compiler
"D:/ti/ccs1010/ccs/tools/compiler/ti-cgt-msp430_20.2.2.LTS/bin/cl430" -vmspx --data_model=restricted --use_hw_mpy=F5 --include_path="D:/ti/ccs1010/ccs/ccs_base/msp430/include" --include_path="C:/Users/Noah/Desktop/Embedded Systems/Lab08/Lab08" --include_path="D:/ti/ccs1010/ccs/tools/compiler/ti-cgt-msp430_20.2.2.LTS/include" --advice:power=all --advice:hw_config=all --define=__MSP430FR6989__ --define=_MPU_ENABLE -g --printf_support=minimal --diag_warning=225 --diag_wrap=off --display_error_number --silicon_errata=CPU21 --silicon_errata=CPU22 --silicon_errata=CPU40 --preproc_with_compile --preproc_dependency="main.d_raw"  "../main.c"
"../main.c", line 274: remark #1544-D: (ULP 13.1) Detected loop counting up. Recommend loops count down as detecting zeros is easier
"../main.c", line 274: remark #1527-D: (ULP 2.1) Detected SW delay loop using empty loop. Recommend using a timer module instead
"../main.c", line 282: remark #1530-D: (ULP 5.1) Detected divide operation(s). Recommend moving them to RAM during run time or not using as these are processing/power intensive
"../main.c", line 283: remark #1530-D: (ULP 5.1) Detected modulo operation(s). Recommend moving them to RAM during run time or not using as these are processing/power intensive
"../main.c", line 307: remark #1528-D: (ULP 3.1) Detected flag polling using UCA1IFG. Recommend using an interrupt combined with enter LPMx and ISR
Finished building: "../main.c"
 
Building target: "Lab08.out"
Invoking: MSP430 Linker
"D:/ti/ccs1010/ccs/tools/compiler/ti-cgt-msp430_20.2.2.LTS/bin/cl430" -vmspx --data_model=restricted --use_hw_mpy=F5 --advice:power=all --advice:hw_config=all --define=__MSP430FR6989__ --define=_MPU_ENABLE -g --printf_support=minimal --diag_warning=225 --diag_wrap=off --display_error_number --silicon_errata=CPU21 --silicon_errata=CPU22 --silicon_errata=CPU40 -z -m"Lab08.map" --heap_size=160 --stack_size=160 --cinit_hold_wdt=on -i"D:/ti/ccs1010/ccs/ccs_base/msp430/include" -i"D:/ti/ccs1010/ccs/ccs_base/msp430/lib/5xx_6xx_FRxx" -i"D:/ti/ccs1010/ccs/ccs_base/msp430/lib/FR59xx" -i"D:/ti/ccs1010/ccs/tools/compiler/ti-cgt-msp430_20.2.2.LTS/lib" -i"D:/ti/ccs1010/ccs/tools/compiler/ti-cgt-msp430_20.2.2.LTS/include" --priority --reread_libs --define=_MPU_ENABLE --diag_wrap=off --display_error_number --warn_sections --xml_link_info="Lab08_linkInfo.xml" --use_hw_mpy=F5 --rom_model -o "Lab08.out" "./main.obj" "../lnk_msp430fr6989.cmd"  -llibmpu_init.a -llibmath.a -llibc.a 
<Linking>
remark #10371-D: (ULP 1.1) Detected no uses of low power mode state changing instructions
remark #10372-D: (ULP 4.1) Detected uninitialized Port A in this project. Recommend initializing all unused ports to eliminate wasted current consumption on unused pins.
remark #10372-D: (ULP 4.1) Detected uninitialized Port B in this project. Recommend initializing all unused ports to eliminate wasted current consumption on unused pins.
remark #10372-D: (ULP 4.1) Detected uninitialized Port C in this project. Recommend initializing all unused ports to eliminate wasted current consumption on unused pins.
remark #10372-D: (ULP 4.1) Detected uninitialized Port D in this project. Recommend initializing all unused ports to eliminate wasted current consumption on unused pins.
remark #10372-D: (ULP 4.1) Detected uninitialized Port E in this project. Recommend initializing all unused ports to eliminate wasted current consumption on unused pins.
Finished building target: "Lab08.out"
 

**** Build Finished ****

**** Build of configuration Debug for project Lab08 ****

"D:\\ti\\ccs1010\\ccs\\utils\\bin\\gmake" -k -j 6 all -O 
 
Building file: "../main.c"
Invoking: MSP430 Compiler
"D:/ti/ccs1010/ccs/tools/compiler/ti-cgt-msp430_20.2.2.LTS/bin/cl430" -vmspx --data_model=restricted --use_hw_mpy=F5 --include_path="D:/ti/ccs1010/ccs/ccs_base/msp430/include" --include_path="C:/Users/Noah/Desktop/Embedded Systems/Lab08/Lab08" --include_path="D:/ti/ccs1010/ccs/tools/compiler/ti-cgt-msp430_20.2.2.LTS/include" --advice:power=all --advice:hw_config=all --define=__MSP430FR6989__ --define=_MPU_ENABLE -g --printf_support=minimal --diag_warning=225 --diag_wrap=off --display_error_number --silicon_errata=CPU21 --silicon_errata=CPU22 --silicon_errata=CPU40 --preproc_with_compile --preproc_dependency="main.d_raw"  "../main.c"
"../main.c", line 274: remark #1544-D: (ULP 13.1) Detected loop counting up. Recommend loops count down as detecting zeros is easier
"../main.c", line 274: remark #1527-D: (ULP 2.1) Detected SW delay loop using empty loop. Recommend using a timer module instead
"../main.c", line 282: remark #1530-D: (ULP 5.1) Detected divide operation(s). Recommend moving them to RAM during run time or not using as these are processing/power intensive
"../main.c", line 283: remark #1530-D: (ULP 5.1) Detected modulo operation(s). Recommend moving them to RAM during run time or not using as these are processing/power intensive
"../main.c", line 308: remark #1528-D: (ULP 3.1) Detected flag polling using UCA1IFG. Recommend using an interrupt combined with enter LPMx and ISR
Finished building: "../main.c"
 
Building target: "Lab08.out"
Invoking: MSP430 Linker
"D:/ti/ccs1010/ccs/tools/compiler/ti-cgt-msp430_20.2.2.LTS/bin/cl430" -vmspx --data_model=restricted --use_hw_mpy=F5 --advice:power=all --advice:hw_config=all --define=__MSP430FR6989__ --define=_MPU_ENABLE -g --printf_support=minimal --diag_warning=225 --diag_wrap=off --display_error_number --silicon_errata=CPU21 --silicon_errata=CPU22 --silicon_errata=CPU40 -z -m"Lab08.map" --heap_size=160 --stack_size=160 --cinit_hold_wdt=on -i"D:/ti/ccs1010/ccs/ccs_base/msp430/include" -i"D:/ti/ccs1010/ccs/ccs_base/msp430/lib/5xx_6xx_FRxx" -i"D:/ti/ccs1010/ccs/ccs_base/msp430/lib/FR59xx" -i"D:/ti/ccs1010/ccs/tools/compiler/ti-cgt-msp430_20.2.2.LTS/lib" -i"D:/ti/ccs1010/ccs/tools/compiler/ti-cgt-msp430_20.2.2.LTS/include" --priority --reread_libs --define=_MPU_ENABLE --diag_wrap=off --display_error_number --warn_sections --xml_link_info="Lab08_linkInfo.xml" --use_hw_mpy=F5 --rom_model -o "Lab08.out" "./main.obj" "../lnk_msp430fr6989.cmd"  -llibmpu_init.a -llibmath.a -llibc.a 
<Linking>
remark #10371-D: (ULP 1.1) Detected no uses of low power mode state changing instructions
remark #10372-D: (ULP 4.1) Detected uninitialized Port A in this project. Recommend initializing all unused ports to eliminate wasted current consumption on unused pins.
remark #10372-D: (ULP 4.1) Detected uninitialized Port B in this project. Recommend initializing all unused ports to eliminate wasted current consumption on unused pins.
remark #10372-D: (ULP 4.1) Detected uninitialized Port C in this project. Recommend initializing all unused ports to eliminate wasted current consumption on unused pins.
remark #10372-D: (ULP 4.1) Detected uninitialized Port D in this project. Recommend initializing all unused ports to eliminate wasted current consumption on unused pins.
remark #10372-D: (ULP 4.1) Detected uninitialized Port E in this project. Recommend initializing all unused ports to eliminate wasted current consumption on unused pins.
Finished building target: "Lab08.out"
 

**** Build Finished ****

**** Build of configuration Debug for project Lab08 ****

"D:\\ti\\ccs1010\\ccs\\utils\\bin\\gmake" -k -j 6 all -O 
 
gmake[1]: 'Lab08.out' is up to date.

**** Build Finished ****

**** Build of configuration Debug for project Lab08 ****

"D:\\ti\\ccs1010\\ccs\\utils\\bin\\gmake" -k -j 6 all -O 
 
gmake[1]: 'Lab08.out' is up to date.

**** Build Finished ****

**** Build of configuration Debug for project Lab08 ****

"D:\\ti\\ccs1010\\ccs\\utils\\bin\\gmake" -k -j 6 all -O 
 
gmake[1]: 'Lab08.out' is up to date.

**** Build Finished ****

**** Build of configuration Debug for project Lab08 ****

"D:\\ti\\ccs1010\\ccs\\utils\\bin\\gmake" -k -j 6 all -O 
 
gmake[1]: 'Lab08.out' is up to date.

**** Build Finished ****

**** Build of configuration Debug for project Lab08 ****

"D:\\ti\\ccs1010\\ccs\\utils\\bin\\gmake" -k -j 6 all -O 
 
gmake[1]: 'Lab08.out' is up to date.

**** Build Finished ****
